 time (s)      vol               zflux              zinfl               zrain 
      0.0     0.00000000E+00     0.00000000E+00     0.00000000E+00     0.00000000E+00
      1.0     0.11677175E-01     0.11677175E-01     0.00000000E+00     0.00000000E+00
      2.0     0.11111111E-01     0.11111111E-01     0.00000000E+00     0.00000000E+00
      3.0     0.11111111E-01     0.11111111E-01     0.00000000E+00     0.00000000E+00
      4.0     0.11111111E-01     0.11111111E-01     0.00000000E+00     0.00000000E+00
      5.0     0.11111111E-01     0.11111111E-01     0.00000000E+00     0.00000000E+00
      6.0     0.11111105E-01     0.11111105E-01     0.00000000E+00     0.00000000E+00
      7.0     0.11020326E-01     0.11020326E-01     0.00000000E+00     0.00000000E+00
      8.0     0.10934313E-01     0.10934313E-01     0.00000000E+00     0.00000000E+00
      9.0     0.10924859E-01     0.10924859E-01     0.00000000E+00     0.00000000E+00
     10.0     0.10937460E-01     0.10937460E-01     0.00000000E+00     0.00000000E+00
     11.0     0.10948074E-01     0.10948074E-01     0.00000000E+00     0.00000000E+00
     12.0     0.10965622E-01     0.10965622E-01     0.00000000E+00     0.00000000E+00
     13.0     0.10984993E-01     0.10984993E-01     0.00000000E+00     0.00000000E+00
     14.0     0.11003721E-01     0.11003721E-01     0.00000000E+00     0.00000000E+00
     15.0     0.11020720E-01     0.11020720E-01     0.00000000E+00     0.00000000E+00
     16.0     0.11035616E-01     0.11035616E-01     0.00000000E+00     0.00000000E+00
     17.0     0.11048384E-01     0.11048384E-01     0.00000000E+00     0.00000000E+00
     18.0     0.11059176E-01     0.11059176E-01     0.00000000E+00     0.00000000E+00
     19.0     0.11068216E-01     0.11068216E-01     0.00000000E+00     0.00000000E+00
     20.0     0.11075741E-01     0.11075741E-01     0.00000000E+00     0.00000000E+00
     21.0     0.11081979E-01     0.11081979E-01     0.00000000E+00     0.00000000E+00
     22.0     0.11087135E-01     0.11087135E-01     0.00000000E+00     0.00000000E+00
     23.0     0.11091389E-01     0.11091389E-01     0.00000000E+00     0.00000000E+00
     24.0     0.11094894E-01     0.11094894E-01     0.00000000E+00     0.00000000E+00
     25.0     0.11097779E-01     0.11097779E-01     0.00000000E+00     0.00000000E+00
     26.0     0.11100152E-01     0.11100152E-01     0.00000000E+00     0.00000000E+00
     27.0     0.11102103E-01     0.11102103E-01     0.00000000E+00     0.00000000E+00
     28.0     0.11103706E-01     0.11103706E-01     0.00000000E+00     0.00000000E+00
     29.0     0.11105023E-01     0.11105023E-01     0.00000000E+00     0.00000000E+00
     30.0     0.11106105E-01     0.11106105E-01     0.00000000E+00     0.00000000E+00
     31.0     0.11106994E-01     0.11106994E-01     0.00000000E+00     0.00000000E+00
     32.0     0.11107725E-01     0.11107725E-01     0.00000000E+00     0.00000000E+00
     33.0     0.11108326E-01     0.11108326E-01     0.00000000E+00     0.00000000E+00
     34.0     0.11108819E-01     0.11108819E-01     0.00000000E+00     0.00000000E+00
     35.0     0.11109225E-01     0.11109225E-01     0.00000000E+00     0.00000000E+00
     36.0     0.11109558E-01     0.11109558E-01     0.00000000E+00     0.00000000E+00
     37.0     0.11109833E-01     0.11109833E-01     0.00000000E+00     0.00000000E+00
     38.0     0.11110058E-01     0.11110058E-01     0.00000000E+00     0.00000000E+00
     39.0     0.11110244E-01     0.11110244E-01     0.00000000E+00     0.00000000E+00
     40.0     0.11110397E-01     0.11110397E-01     0.00000000E+00     0.00000000E+00
     41.0     0.11110523E-01     0.11110523E-01     0.00000000E+00     0.00000000E+00
     42.0     0.11110626E-01     0.11110626E-01     0.00000000E+00     0.00000000E+00
     43.0     0.11110711E-01     0.11110711E-01     0.00000000E+00     0.00000000E+00
     44.0     0.11110782E-01     0.11110782E-01     0.00000000E+00     0.00000000E+00
     45.0     0.11110839E-01     0.11110839E-01     0.00000000E+00     0.00000000E+00
     46.0     0.11110887E-01     0.11110887E-01     0.00000000E+00     0.00000000E+00
     47.0     0.11110926E-01     0.11110926E-01     0.00000000E+00     0.00000000E+00
     48.0     0.11110959E-01     0.11110959E-01     0.00000000E+00     0.00000000E+00
     49.0     0.11110985E-01     0.11110985E-01     0.00000000E+00     0.00000000E+00
     50.0     0.11111007E-01     0.11111007E-01     0.00000000E+00     0.00000000E+00
     51.0     0.11111025E-01     0.11111025E-01     0.00000000E+00     0.00000000E+00
     52.0     0.11111040E-01     0.11111040E-01     0.00000000E+00     0.00000000E+00
     53.0     0.11111053E-01     0.11111053E-01     0.00000000E+00     0.00000000E+00
     54.0     0.11111063E-01     0.11111063E-01     0.00000000E+00     0.00000000E+00
     55.0     0.11111071E-01     0.11111071E-01     0.00000000E+00     0.00000000E+00
     56.0     0.11111078E-01     0.11111078E-01     0.00000000E+00     0.00000000E+00
     57.0     0.11111084E-01     0.11111084E-01     0.00000000E+00     0.00000000E+00
     58.0     0.11111089E-01     0.11111089E-01     0.00000000E+00     0.00000000E+00
     59.0     0.11111093E-01     0.11111093E-01     0.00000000E+00     0.00000000E+00
     60.0     0.11111096E-01     0.11111096E-01     0.00000000E+00     0.00000000E+00
     61.0     0.11111098E-01     0.11111098E-01     0.00000000E+00     0.00000000E+00
     62.0     0.11111101E-01     0.11111101E-01     0.00000000E+00     0.00000000E+00
     63.0     0.11111102E-01     0.11111102E-01     0.00000000E+00     0.00000000E+00
     64.0     0.11111104E-01     0.11111104E-01     0.00000000E+00     0.00000000E+00
     65.0     0.11111105E-01     0.11111105E-01     0.00000000E+00     0.00000000E+00
     66.0     0.11111106E-01     0.11111106E-01     0.00000000E+00     0.00000000E+00
     67.0     0.11111107E-01     0.11111107E-01     0.00000000E+00     0.00000000E+00
     68.0     0.11111108E-01     0.11111108E-01     0.00000000E+00     0.00000000E+00
     69.0     0.11111108E-01     0.11111108E-01     0.00000000E+00     0.00000000E+00
     70.0     0.11111109E-01     0.11111109E-01     0.00000000E+00     0.00000000E+00
     71.0     0.11111109E-01     0.11111109E-01     0.00000000E+00     0.00000000E+00
     72.0     0.11111110E-01     0.11111110E-01     0.00000000E+00     0.00000000E+00
     73.0     0.11111110E-01     0.11111110E-01     0.00000000E+00     0.00000000E+00
     74.0     0.11111110E-01     0.11111110E-01     0.00000000E+00     0.00000000E+00
     75.0     0.11111110E-01     0.11111110E-01     0.00000000E+00     0.00000000E+00
     76.0     0.11111110E-01     0.11111110E-01     0.00000000E+00     0.00000000E+00
     77.0     0.11111111E-01     0.11111111E-01     0.00000000E+00     0.00000000E+00
     78.0     0.11111111E-01     0.11111111E-01     0.00000000E+00     0.00000000E+00
     79.0     0.11111111E-01     0.11111111E-01     0.00000000E+00     0.00000000E+00
     80.0     0.11111111E-01     0.11111111E-01     0.00000000E+00     0.00000000E+00
     81.0     0.11111111E-01     0.11111111E-01     0.00000000E+00     0.00000000E+00
     82.0     0.11111111E-01     0.11111111E-01     0.00000000E+00     0.00000000E+00
     83.0     0.11111111E-01     0.11111111E-01     0.00000000E+00     0.00000000E+00
     84.0     0.11111111E-01     0.11111111E-01     0.00000000E+00     0.00000000E+00
     85.0     0.11111111E-01     0.11111111E-01     0.00000000E+00     0.00000000E+00
     86.0     0.11111111E-01     0.11111111E-01     0.00000000E+00     0.00000000E+00
     87.0     0.11111111E-01     0.11111111E-01     0.00000000E+00     0.00000000E+00
     88.0     0.11111111E-01     0.11111111E-01     0.00000000E+00     0.00000000E+00
     89.0     0.11111111E-01     0.11111111E-01     0.00000000E+00     0.00000000E+00
     90.0     0.11111111E-01     0.11111111E-01     0.00000000E+00     0.00000000E+00
     91.0     0.11111111E-01     0.11111111E-01     0.00000000E+00     0.00000000E+00
     92.0     0.11111111E-01     0.11111111E-01     0.00000000E+00     0.00000000E+00
     93.0     0.11111111E-01     0.11111111E-01     0.00000000E+00     0.00000000E+00
     94.0     0.11111111E-01     0.11111111E-01     0.00000000E+00     0.00000000E+00
     95.0     0.11111111E-01     0.11111111E-01     0.00000000E+00     0.00000000E+00
     96.0     0.11111111E-01     0.11111111E-01     0.00000000E+00     0.00000000E+00
     97.0     0.11111111E-01     0.11111111E-01     0.00000000E+00     0.00000000E+00
     98.0     0.11111111E-01     0.11111111E-01     0.00000000E+00     0.00000000E+00
     99.0     0.11111111E-01     0.11111111E-01     0.00000000E+00     0.00000000E+00
    100.0     0.11111111E-01     0.11111111E-01     0.00000000E+00     0.00000000E+00
    101.0     0.11111111E-01     0.11111111E-01     0.00000000E+00     0.00000000E+00
    102.0     0.11111111E-01     0.11111111E-01     0.00000000E+00     0.00000000E+00
    103.0     0.11111111E-01     0.11111111E-01     0.00000000E+00     0.00000000E+00
    104.0     0.11111111E-01     0.11111111E-01     0.00000000E+00     0.00000000E+00
    105.0     0.11111111E-01     0.11111111E-01     0.00000000E+00     0.00000000E+00
    106.0     0.11111111E-01     0.11111111E-01     0.00000000E+00     0.00000000E+00
    107.0     0.11111111E-01     0.11111111E-01     0.00000000E+00     0.00000000E+00
    108.0     0.11111111E-01     0.11111111E-01     0.00000000E+00     0.00000000E+00
    109.0     0.11111111E-01     0.11111111E-01     0.00000000E+00     0.00000000E+00
    110.0     0.11111111E-01     0.11111111E-01     0.00000000E+00     0.00000000E+00
    111.0     0.11111111E-01     0.11111111E-01     0.00000000E+00     0.00000000E+00
    112.0     0.11111111E-01     0.11111111E-01     0.00000000E+00     0.00000000E+00
    113.0     0.11111111E-01     0.11111111E-01     0.00000000E+00     0.00000000E+00
    114.0     0.11111111E-01     0.11111111E-01     0.00000000E+00     0.00000000E+00
    115.0     0.11111111E-01     0.11111111E-01     0.00000000E+00     0.00000000E+00
    116.0     0.11111111E-01     0.11111111E-01     0.00000000E+00     0.00000000E+00
    117.0     0.11111111E-01     0.11111111E-01     0.00000000E+00     0.00000000E+00
    118.0     0.11111111E-01     0.11111111E-01     0.00000000E+00     0.00000000E+00
    119.0     0.11111111E-01     0.11111111E-01     0.00000000E+00     0.00000000E+00
    120.0     0.11111111E-01     0.11111111E-01     0.00000000E+00     0.00000000E+00
    121.0     0.11111111E-01     0.11111111E-01     0.00000000E+00     0.00000000E+00
    122.0     0.11111111E-01     0.11111111E-01     0.00000000E+00     0.00000000E+00
    123.0     0.11111111E-01     0.11111111E-01     0.00000000E+00     0.00000000E+00
    124.0     0.11111111E-01     0.11111111E-01     0.00000000E+00     0.00000000E+00
    125.0     0.11111111E-01     0.11111111E-01     0.00000000E+00     0.00000000E+00
    126.0     0.11111111E-01     0.11111111E-01     0.00000000E+00     0.00000000E+00
    127.0     0.11111111E-01     0.11111111E-01     0.00000000E+00     0.00000000E+00
    128.0     0.11111111E-01     0.11111111E-01     0.00000000E+00     0.00000000E+00
    129.0     0.11111111E-01     0.11111111E-01     0.00000000E+00     0.00000000E+00
    130.0     0.11111111E-01     0.11111111E-01     0.00000000E+00     0.00000000E+00
    131.0     0.11111111E-01     0.11111111E-01     0.00000000E+00     0.00000000E+00
    132.0     0.11111111E-01     0.11111111E-01     0.00000000E+00     0.00000000E+00
    133.0     0.11111111E-01     0.11111111E-01     0.00000000E+00     0.00000000E+00
    134.0     0.11111111E-01     0.11111111E-01     0.00000000E+00     0.00000000E+00
    135.0     0.11111111E-01     0.11111111E-01     0.00000000E+00     0.00000000E+00
    136.0     0.11111111E-01     0.11111111E-01     0.00000000E+00     0.00000000E+00
    137.0     0.11111111E-01     0.11111111E-01     0.00000000E+00     0.00000000E+00
    138.0     0.11111111E-01     0.11111111E-01     0.00000000E+00     0.00000000E+00
    139.0     0.11111111E-01     0.11111111E-01     0.00000000E+00     0.00000000E+00
    140.0     0.11111111E-01     0.11111111E-01     0.00000000E+00     0.00000000E+00
    141.0     0.11111111E-01     0.11111111E-01     0.00000000E+00     0.00000000E+00
    142.0     0.11111111E-01     0.11111111E-01     0.00000000E+00     0.00000000E+00
    143.0     0.11111111E-01     0.11111111E-01     0.00000000E+00     0.00000000E+00
    144.0     0.11111111E-01     0.11111111E-01     0.00000000E+00     0.00000000E+00
    145.0     0.11111111E-01     0.11111111E-01     0.00000000E+00     0.00000000E+00
    146.0     0.11111111E-01     0.11111111E-01     0.00000000E+00     0.00000000E+00
    147.0     0.11111111E-01     0.11111111E-01     0.00000000E+00     0.00000000E+00
    148.0     0.11111111E-01     0.11111111E-01     0.00000000E+00     0.00000000E+00
    149.0     0.11111111E-01     0.11111111E-01     0.00000000E+00     0.00000000E+00
    150.0     0.11111111E-01     0.11111111E-01     0.00000000E+00     0.00000000E+00
    151.0     0.11111111E-01     0.11111111E-01     0.00000000E+00     0.00000000E+00
    152.0     0.11111111E-01     0.11111111E-01     0.00000000E+00     0.00000000E+00
    153.0     0.11111111E-01     0.11111111E-01     0.00000000E+00     0.00000000E+00
    154.0     0.11111111E-01     0.11111111E-01     0.00000000E+00     0.00000000E+00
    155.0     0.11111111E-01     0.11111111E-01     0.00000000E+00     0.00000000E+00
    156.0     0.11111111E-01     0.11111111E-01     0.00000000E+00     0.00000000E+00
    157.0     0.11111111E-01     0.11111111E-01     0.00000000E+00     0.00000000E+00
    158.0     0.11111111E-01     0.11111111E-01     0.00000000E+00     0.00000000E+00
    159.0     0.11111111E-01     0.11111111E-01     0.00000000E+00     0.00000000E+00
    160.0     0.11111111E-01     0.11111111E-01     0.00000000E+00     0.00000000E+00
    161.0     0.11111111E-01     0.11111111E-01     0.00000000E+00     0.00000000E+00
    162.0     0.11111111E-01     0.11111111E-01     0.00000000E+00     0.00000000E+00
    163.0     0.11111111E-01     0.11111111E-01     0.00000000E+00     0.00000000E+00
    164.0     0.11111111E-01     0.11111111E-01     0.00000000E+00     0.00000000E+00
    165.0     0.11111111E-01     0.11111111E-01     0.00000000E+00     0.00000000E+00
    166.0     0.11111111E-01     0.11111111E-01     0.00000000E+00     0.00000000E+00
    167.0     0.11111111E-01     0.11111111E-01     0.00000000E+00     0.00000000E+00
    168.0     0.11111111E-01     0.11111111E-01     0.00000000E+00     0.00000000E+00
    169.0     0.11111111E-01     0.11111111E-01     0.00000000E+00     0.00000000E+00
    170.0     0.11111111E-01     0.11111111E-01     0.00000000E+00     0.00000000E+00
    171.0     0.11111111E-01     0.11111111E-01     0.00000000E+00     0.00000000E+00
    172.0     0.11111111E-01     0.11111111E-01     0.00000000E+00     0.00000000E+00
    173.0     0.11111111E-01     0.11111111E-01     0.00000000E+00     0.00000000E+00
    174.0     0.11111111E-01     0.11111111E-01     0.00000000E+00     0.00000000E+00
    175.0     0.11111111E-01     0.11111111E-01     0.00000000E+00     0.00000000E+00
    176.0     0.11111111E-01     0.11111111E-01     0.00000000E+00     0.00000000E+00
    177.0     0.11111111E-01     0.11111111E-01     0.00000000E+00     0.00000000E+00
    178.0     0.11111111E-01     0.11111111E-01     0.00000000E+00     0.00000000E+00
    179.0     0.11111111E-01     0.11111111E-01     0.00000000E+00     0.00000000E+00
    180.0     0.11111111E-01     0.11111111E-01     0.00000000E+00     0.00000000E+00
    181.0     0.11111111E-01     0.11111111E-01     0.00000000E+00     0.00000000E+00
    182.0     0.11111111E-01     0.11111111E-01     0.00000000E+00     0.00000000E+00
    183.0     0.11111111E-01     0.11111111E-01     0.00000000E+00     0.00000000E+00
    184.0     0.11111111E-01     0.11111111E-01     0.00000000E+00     0.00000000E+00
    185.0     0.11111111E-01     0.11111111E-01     0.00000000E+00     0.00000000E+00
    186.0     0.11111111E-01     0.11111111E-01     0.00000000E+00     0.00000000E+00
    187.0     0.11111111E-01     0.11111111E-01     0.00000000E+00     0.00000000E+00
    188.0     0.11111111E-01     0.11111111E-01     0.00000000E+00     0.00000000E+00
    189.0     0.11111111E-01     0.11111111E-01     0.00000000E+00     0.00000000E+00
    190.0     0.11111111E-01     0.11111111E-01     0.00000000E+00     0.00000000E+00
    191.0     0.11111111E-01     0.11111111E-01     0.00000000E+00     0.00000000E+00
    192.0     0.11111111E-01     0.11111111E-01     0.00000000E+00     0.00000000E+00
    193.0     0.11111111E-01     0.11111111E-01     0.00000000E+00     0.00000000E+00
    194.0     0.11111111E-01     0.11111111E-01     0.00000000E+00     0.00000000E+00
    195.0     0.11111111E-01     0.11111111E-01     0.00000000E+00     0.00000000E+00
    196.0     0.11111111E-01     0.11111111E-01     0.00000000E+00     0.00000000E+00
    197.0     0.11111111E-01     0.11111111E-01     0.00000000E+00     0.00000000E+00
    198.0     0.11111111E-01     0.11111111E-01     0.00000000E+00     0.00000000E+00
    199.0     0.11111111E-01     0.11111111E-01     0.00000000E+00     0.00000000E+00
    200.0     0.11111111E-01     0.11111111E-01     0.00000000E+00     0.00000000E+00
    201.0     0.11111111E-01     0.11111111E-01     0.00000000E+00     0.00000000E+00
    202.0     0.11111111E-01     0.11111111E-01     0.00000000E+00     0.00000000E+00
    203.0     0.11111111E-01     0.11111111E-01     0.00000000E+00     0.00000000E+00
    204.0     0.11111111E-01     0.11111111E-01     0.00000000E+00     0.00000000E+00
    205.0     0.11111111E-01     0.11111111E-01     0.00000000E+00     0.00000000E+00
    206.0     0.11111111E-01     0.11111111E-01     0.00000000E+00     0.00000000E+00
    207.0     0.11111111E-01     0.11111111E-01     0.00000000E+00     0.00000000E+00
    208.0     0.11111111E-01     0.11111111E-01     0.00000000E+00     0.00000000E+00
    209.0     0.11111111E-01     0.11111111E-01     0.00000000E+00     0.00000000E+00
    210.0     0.11111111E-01     0.11111111E-01     0.00000000E+00     0.00000000E+00
    211.0     0.11111111E-01     0.11111111E-01     0.00000000E+00     0.00000000E+00
    212.0     0.11111111E-01     0.11111111E-01     0.00000000E+00     0.00000000E+00
    213.0     0.11111111E-01     0.11111111E-01     0.00000000E+00     0.00000000E+00
    214.0     0.11111111E-01     0.11111111E-01     0.00000000E+00     0.00000000E+00
    215.0     0.11111111E-01     0.11111111E-01     0.00000000E+00     0.00000000E+00
    216.0     0.11111111E-01     0.11111111E-01     0.00000000E+00     0.00000000E+00
    217.0     0.11111111E-01     0.11111111E-01     0.00000000E+00     0.00000000E+00
    218.0     0.11111111E-01     0.11111111E-01     0.00000000E+00     0.00000000E+00
    219.0     0.11111111E-01     0.11111111E-01     0.00000000E+00     0.00000000E+00
    220.0     0.11111111E-01     0.11111111E-01     0.00000000E+00     0.00000000E+00
    221.0     0.11111111E-01     0.11111111E-01     0.00000000E+00     0.00000000E+00
    222.0     0.11111111E-01     0.11111111E-01     0.00000000E+00     0.00000000E+00
    223.0     0.11111111E-01     0.11111111E-01     0.00000000E+00     0.00000000E+00
    224.0     0.11111111E-01     0.11111111E-01     0.00000000E+00     0.00000000E+00
    225.0     0.11111111E-01     0.11111111E-01     0.00000000E+00     0.00000000E+00
    226.0     0.11111111E-01     0.11111111E-01     0.00000000E+00     0.00000000E+00
    227.0     0.11111111E-01     0.11111111E-01     0.00000000E+00     0.00000000E+00
    228.0     0.11111111E-01     0.11111111E-01     0.00000000E+00     0.00000000E+00
    229.0     0.11111111E-01     0.11111111E-01     0.00000000E+00     0.00000000E+00
    230.0     0.11111111E-01     0.11111111E-01     0.00000000E+00     0.00000000E+00
    231.0     0.11111111E-01     0.11111111E-01     0.00000000E+00     0.00000000E+00
    232.0     0.11111111E-01     0.11111111E-01     0.00000000E+00     0.00000000E+00
    233.0     0.11111111E-01     0.11111111E-01     0.00000000E+00     0.00000000E+00
    234.0     0.11111111E-01     0.11111111E-01     0.00000000E+00     0.00000000E+00
    235.0     0.11111111E-01     0.11111111E-01     0.00000000E+00     0.00000000E+00
    236.0     0.11111111E-01     0.11111111E-01     0.00000000E+00     0.00000000E+00
    237.0     0.11111111E-01     0.11111111E-01     0.00000000E+00     0.00000000E+00
    238.0     0.11111111E-01     0.11111111E-01     0.00000000E+00     0.00000000E+00
    239.0     0.11111111E-01     0.11111111E-01     0.00000000E+00     0.00000000E+00
    240.0     0.11111111E-01     0.11111111E-01     0.00000000E+00     0.00000000E+00
    241.0     0.11111111E-01     0.11111111E-01     0.00000000E+00     0.00000000E+00
    242.0     0.11111111E-01     0.11111111E-01     0.00000000E+00     0.00000000E+00
    243.0     0.11111111E-01     0.11111111E-01     0.00000000E+00     0.00000000E+00
    244.0     0.11111111E-01     0.11111111E-01     0.00000000E+00     0.00000000E+00
    245.0     0.11111111E-01     0.11111111E-01     0.00000000E+00     0.00000000E+00
    246.0     0.11111111E-01     0.11111111E-01     0.00000000E+00     0.00000000E+00
    247.0     0.11111111E-01     0.11111111E-01     0.00000000E+00     0.00000000E+00
    248.0     0.11111111E-01     0.11111111E-01     0.00000000E+00     0.00000000E+00
    249.0     0.11111111E-01     0.11111111E-01     0.00000000E+00     0.00000000E+00
    250.0     0.11111111E-01     0.11111111E-01     0.00000000E+00     0.00000000E+00
    251.0     0.11111111E-01     0.11111111E-01     0.00000000E+00     0.00000000E+00
    252.0     0.11111111E-01     0.11111111E-01     0.00000000E+00     0.00000000E+00
    253.0     0.11111111E-01     0.11111111E-01     0.00000000E+00     0.00000000E+00
    254.0     0.11111111E-01     0.11111111E-01     0.00000000E+00     0.00000000E+00
    255.0     0.11111111E-01     0.11111111E-01     0.00000000E+00     0.00000000E+00
    256.0     0.11111111E-01     0.11111111E-01     0.00000000E+00     0.00000000E+00
    257.0     0.11111111E-01     0.11111111E-01     0.00000000E+00     0.00000000E+00
    258.0     0.11111111E-01     0.11111111E-01     0.00000000E+00     0.00000000E+00
    259.0     0.11111111E-01     0.11111111E-01     0.00000000E+00     0.00000000E+00
    260.0     0.11111111E-01     0.11111111E-01     0.00000000E+00     0.00000000E+00
    261.0     0.11111111E-01     0.11111111E-01     0.00000000E+00     0.00000000E+00
    262.0     0.11111111E-01     0.11111111E-01     0.00000000E+00     0.00000000E+00
    263.0     0.11111111E-01     0.11111111E-01     0.00000000E+00     0.00000000E+00
    264.0     0.11111111E-01     0.11111111E-01     0.00000000E+00     0.00000000E+00
    265.0     0.11111111E-01     0.11111111E-01     0.00000000E+00     0.00000000E+00
    266.0     0.11111111E-01     0.11111111E-01     0.00000000E+00     0.00000000E+00
    267.0     0.11111111E-01     0.11111111E-01     0.00000000E+00     0.00000000E+00
    268.0     0.11111111E-01     0.11111111E-01     0.00000000E+00     0.00000000E+00
    269.0     0.11111111E-01     0.11111111E-01     0.00000000E+00     0.00000000E+00
    270.0     0.11111111E-01     0.11111111E-01     0.00000000E+00     0.00000000E+00
    271.0     0.11111111E-01     0.11111111E-01     0.00000000E+00     0.00000000E+00
    272.0     0.11111111E-01     0.11111111E-01     0.00000000E+00     0.00000000E+00
    273.0     0.11111111E-01     0.11111111E-01     0.00000000E+00     0.00000000E+00
    274.0     0.11111111E-01     0.11111111E-01     0.00000000E+00     0.00000000E+00
    275.0     0.11111111E-01     0.11111111E-01     0.00000000E+00     0.00000000E+00
    276.0     0.11111111E-01     0.11111111E-01     0.00000000E+00     0.00000000E+00
    277.0     0.11111111E-01     0.11111111E-01     0.00000000E+00     0.00000000E+00
    278.0     0.11111111E-01     0.11111111E-01     0.00000000E+00     0.00000000E+00
    279.0     0.11111111E-01     0.11111111E-01     0.00000000E+00     0.00000000E+00
    280.0     0.11111111E-01     0.11111111E-01     0.00000000E+00     0.00000000E+00
    281.0     0.11111111E-01     0.11111111E-01     0.00000000E+00     0.00000000E+00
    282.0     0.11111111E-01     0.11111111E-01     0.00000000E+00     0.00000000E+00
    283.0     0.11111111E-01     0.11111111E-01     0.00000000E+00     0.00000000E+00
    284.0     0.11111111E-01     0.11111111E-01     0.00000000E+00     0.00000000E+00
    285.0     0.11111111E-01     0.11111111E-01     0.00000000E+00     0.00000000E+00
    286.0     0.11111111E-01     0.11111111E-01     0.00000000E+00     0.00000000E+00
    287.0     0.11111111E-01     0.11111111E-01     0.00000000E+00     0.00000000E+00
    288.0     0.11111111E-01     0.11111111E-01     0.00000000E+00     0.00000000E+00
    289.0     0.11111111E-01     0.11111111E-01     0.00000000E+00     0.00000000E+00
    290.0     0.11111111E-01     0.11111111E-01     0.00000000E+00     0.00000000E+00
    291.0     0.11111111E-01     0.11111111E-01     0.00000000E+00     0.00000000E+00
    292.0     0.11111111E-01     0.11111111E-01     0.00000000E+00     0.00000000E+00
    293.0     0.11111111E-01     0.11111111E-01     0.00000000E+00     0.00000000E+00
    294.0     0.11111111E-01     0.11111111E-01     0.00000000E+00     0.00000000E+00
    295.0     0.11111104E-01     0.11111104E-01     0.00000000E+00     0.00000000E+00
    296.0     0.11111046E-01     0.11111046E-01     0.00000000E+00     0.00000000E+00
    297.0     0.11110952E-01     0.11110952E-01     0.00000000E+00     0.00000000E+00
    298.0     0.11110953E-01     0.11110953E-01     0.00000000E+00     0.00000000E+00
    299.0     0.11110954E-01     0.11110954E-01     0.00000000E+00     0.00000000E+00
    300.0     0.11110955E-01     0.11110955E-01     0.00000000E+00     0.00000000E+00
    301.0    -0.26496695E-06    -0.26496692E-06     0.00000000E+00     0.00000000E+00
    302.0    -0.24111567E-05    -0.24111567E-05     0.00000000E+00     0.00000000E+00
    303.0    -0.14827603E-04    -0.14827603E-04     0.00000000E+00     0.00000000E+00
    304.0     0.32511875E-05     0.32511874E-05     0.00000000E+00     0.00000000E+00
    305.0     0.88999382E-03     0.88999382E-03     0.00000000E+00     0.00000000E+00
    306.0     0.86900330E-03     0.86900330E-03     0.00000000E+00     0.00000000E+00
    307.0     0.78981294E-03     0.78981294E-03     0.00000000E+00     0.00000000E+00
    308.0     0.60278942E-03     0.60278942E-03     0.00000000E+00     0.00000000E+00
    309.0     0.12081302E-03     0.12081302E-03     0.00000000E+00     0.00000000E+00
    310.0    -0.22920152E-03    -0.22920152E-03     0.00000000E+00     0.00000000E+00
    311.0    -0.12567632E-02    -0.12567632E-02     0.00000000E+00     0.00000000E+00
    312.0    -0.21835435E-02    -0.21835435E-02     0.00000000E+00     0.00000000E+00
    313.0    -0.31328590E-02    -0.31328590E-02     0.00000000E+00     0.00000000E+00
    314.0    -0.40821907E-02    -0.40821907E-02     0.00000000E+00     0.00000000E+00
    315.0    -0.50041658E-02    -0.50041658E-02     0.00000000E+00     0.00000000E+00
    316.0    -0.58646819E-02    -0.58646819E-02     0.00000000E+00     0.00000000E+00
    317.0    -0.66437337E-02    -0.66437337E-02     0.00000000E+00     0.00000000E+00
    318.0    -0.73327819E-02    -0.73327819E-02     0.00000000E+00     0.00000000E+00
    319.0    -0.79315363E-02    -0.79315363E-02     0.00000000E+00     0.00000000E+00
    320.0    -0.84448645E-02    -0.84448645E-02     0.00000000E+00     0.00000000E+00
    321.0    -0.88804746E-02    -0.88804746E-02     0.00000000E+00     0.00000000E+00
    322.0    -0.92473197E-02    -0.92473197E-02     0.00000000E+00     0.00000000E+00
    323.0    -0.95545252E-02    -0.95545252E-02     0.00000000E+00     0.00000000E+00
    324.0    -0.98107548E-02    -0.98107548E-02     0.00000000E+00     0.00000000E+00
    325.0    -0.10023892E-01    -0.10023892E-01     0.00000000E+00     0.00000000E+00
    326.0    -0.10200873E-01    -0.10200873E-01     0.00000000E+00     0.00000000E+00
    327.0    -0.10347679E-01    -0.10347679E-01     0.00000000E+00     0.00000000E+00
    328.0    -0.10469406E-01    -0.10469406E-01     0.00000000E+00     0.00000000E+00
    329.0    -0.10570346E-01    -0.10570346E-01     0.00000000E+00     0.00000000E+00
    330.0    -0.10654090E-01    -0.10654090E-01     0.00000000E+00     0.00000000E+00
    331.0    -0.10723625E-01    -0.10723625E-01     0.00000000E+00     0.00000000E+00
    332.0    -0.10781427E-01    -0.10781427E-01     0.00000000E+00     0.00000000E+00
    333.0    -0.10829539E-01    -0.10829539E-01     0.00000000E+00     0.00000000E+00
    334.0    -0.10869650E-01    -0.10869650E-01     0.00000000E+00     0.00000000E+00
    335.0    -0.10903150E-01    -0.10903150E-01     0.00000000E+00     0.00000000E+00
    336.0    -0.10931184E-01    -0.10931184E-01     0.00000000E+00     0.00000000E+00
    337.0    -0.10954695E-01    -0.10954695E-01     0.00000000E+00     0.00000000E+00
    338.0    -0.10974459E-01    -0.10974459E-01     0.00000000E+00     0.00000000E+00
    339.0    -0.10991116E-01    -0.10991116E-01     0.00000000E+00     0.00000000E+00
    340.0    -0.11005192E-01    -0.11005192E-01     0.00000000E+00     0.00000000E+00
    341.0    -0.11017123E-01    -0.11017123E-01     0.00000000E+00     0.00000000E+00
    342.0    -0.11027267E-01    -0.11027267E-01     0.00000000E+00     0.00000000E+00
    343.0    -0.11035921E-01    -0.11035921E-01     0.00000000E+00     0.00000000E+00
    344.0    -0.11043329E-01    -0.11043329E-01     0.00000000E+00     0.00000000E+00
    345.0    -0.11049695E-01    -0.11049695E-01     0.00000000E+00     0.00000000E+00
    346.0    -0.11055187E-01    -0.11055187E-01     0.00000000E+00     0.00000000E+00
    347.0    -0.11106694E-01    -0.11106694E-01     0.00000000E+00     0.00000000E+00
    348.0    -0.11178261E-01    -0.11178261E-01     0.00000000E+00     0.00000000E+00
    349.0    -0.11177740E-01    -0.11177740E-01     0.00000000E+00     0.00000000E+00
    350.0    -0.11176893E-01    -0.11176893E-01     0.00000000E+00     0.00000000E+00
    351.0    -0.11175794E-01    -0.11175794E-01     0.00000000E+00     0.00000000E+00
    352.0    -0.11174504E-01    -0.11174504E-01     0.00000000E+00     0.00000000E+00
    353.0    -0.11173072E-01    -0.11173072E-01     0.00000000E+00     0.00000000E+00
    354.0    -0.11171537E-01    -0.11171537E-01     0.00000000E+00     0.00000000E+00
    355.0    -0.11169442E-01    -0.11169442E-01     0.00000000E+00     0.00000000E+00
    356.0    -0.11163150E-01    -0.11163150E-01     0.00000000E+00     0.00000000E+00
    357.0    -0.11158540E-01    -0.11158540E-01     0.00000000E+00     0.00000000E+00
    358.0    -0.11154944E-01    -0.11154944E-01     0.00000000E+00     0.00000000E+00
    359.0    -0.11151902E-01    -0.11151902E-01     0.00000000E+00     0.00000000E+00
    360.0    -0.11149247E-01    -0.11149247E-01     0.00000000E+00     0.00000000E+00
    361.0    -0.11146888E-01    -0.11146888E-01     0.00000000E+00     0.00000000E+00
    362.0    -0.11144769E-01    -0.11144769E-01     0.00000000E+00     0.00000000E+00
    363.0    -0.11142851E-01    -0.11142851E-01     0.00000000E+00     0.00000000E+00
    364.0    -0.11141104E-01    -0.11141104E-01     0.00000000E+00     0.00000000E+00
    365.0    -0.11139505E-01    -0.11139505E-01     0.00000000E+00     0.00000000E+00
    366.0    -0.11138035E-01    -0.11138035E-01     0.00000000E+00     0.00000000E+00
    367.0    -0.11136681E-01    -0.11136681E-01     0.00000000E+00     0.00000000E+00
    368.0    -0.11135427E-01    -0.11135427E-01     0.00000000E+00     0.00000000E+00
    369.0    -0.11134247E-01    -0.11134247E-01     0.00000000E+00     0.00000000E+00
    370.0    -0.11133161E-01    -0.11133161E-01     0.00000000E+00     0.00000000E+00
    371.0    -0.11132626E-01    -0.11132626E-01     0.00000000E+00     0.00000000E+00
    372.0    -0.11132218E-01    -0.11132218E-01     0.00000000E+00     0.00000000E+00
    373.0    -0.11131766E-01    -0.11131766E-01     0.00000000E+00     0.00000000E+00
    374.0    -0.11131276E-01    -0.11131276E-01     0.00000000E+00     0.00000000E+00
    375.0    -0.11130755E-01    -0.11130755E-01     0.00000000E+00     0.00000000E+00
    376.0    -0.11130206E-01    -0.11130206E-01     0.00000000E+00     0.00000000E+00
    377.0    -0.11129635E-01    -0.11129635E-01     0.00000000E+00     0.00000000E+00
    378.0    -0.11129044E-01    -0.11129044E-01     0.00000000E+00     0.00000000E+00
    379.0    -0.11128438E-01    -0.11128438E-01     0.00000000E+00     0.00000000E+00
    380.0    -0.11127820E-01    -0.11127820E-01     0.00000000E+00     0.00000000E+00
    381.0    -0.11127193E-01    -0.11127193E-01     0.00000000E+00     0.00000000E+00
    382.0    -0.11126560E-01    -0.11126560E-01     0.00000000E+00     0.00000000E+00
    383.0    -0.11125922E-01    -0.11125922E-01     0.00000000E+00     0.00000000E+00
    384.0    -0.11125283E-01    -0.11125283E-01     0.00000000E+00     0.00000000E+00
    385.0    -0.11124643E-01    -0.11124643E-01     0.00000000E+00     0.00000000E+00
    386.0    -0.11124005E-01    -0.11124005E-01     0.00000000E+00     0.00000000E+00
    387.0    -0.11123370E-01    -0.11123370E-01     0.00000000E+00     0.00000000E+00
    388.0    -0.11122739E-01    -0.11122739E-01     0.00000000E+00     0.00000000E+00
    389.0    -0.11122113E-01    -0.11122113E-01     0.00000000E+00     0.00000000E+00
    390.0    -0.11121494E-01    -0.11121494E-01     0.00000000E+00     0.00000000E+00
    391.0    -0.11120882E-01    -0.11120882E-01     0.00000000E+00     0.00000000E+00
    392.0    -0.11120277E-01    -0.11120277E-01     0.00000000E+00     0.00000000E+00
    393.0    -0.11119681E-01    -0.11119681E-01     0.00000000E+00     0.00000000E+00
    394.0    -0.11119094E-01    -0.11119094E-01     0.00000000E+00     0.00000000E+00
    395.0    -0.11118839E-01    -0.11118839E-01     0.00000000E+00     0.00000000E+00
    396.0    -0.11119003E-01    -0.11119003E-01     0.00000000E+00     0.00000000E+00
    397.0    -0.11119153E-01    -0.11119153E-01     0.00000000E+00     0.00000000E+00
    398.0    -0.11119286E-01    -0.11119286E-01     0.00000000E+00     0.00000000E+00
    399.0    -0.11119403E-01    -0.11119403E-01     0.00000000E+00     0.00000000E+00
    400.0    -0.11119505E-01    -0.11119505E-01     0.00000000E+00     0.00000000E+00
    401.0    -0.11119592E-01    -0.11119592E-01     0.00000000E+00     0.00000000E+00
    402.0    -0.11119664E-01    -0.11119664E-01     0.00000000E+00     0.00000000E+00
    403.0    -0.11119723E-01    -0.11119723E-01     0.00000000E+00     0.00000000E+00
    404.0    -0.11119770E-01    -0.11119770E-01     0.00000000E+00     0.00000000E+00
    405.0    -0.11119805E-01    -0.11119805E-01     0.00000000E+00     0.00000000E+00
    406.0    -0.11119831E-01    -0.11119831E-01     0.00000000E+00     0.00000000E+00
    407.0    -0.11119847E-01    -0.11119847E-01     0.00000000E+00     0.00000000E+00
    408.0    -0.11119857E-01    -0.11119857E-01     0.00000000E+00     0.00000000E+00
    409.0    -0.11119861E-01    -0.11119861E-01     0.00000000E+00     0.00000000E+00
    410.0    -0.11119863E-01    -0.11119863E-01     0.00000000E+00     0.00000000E+00
    411.0    -0.11119865E-01    -0.11119865E-01     0.00000000E+00     0.00000000E+00
    412.0    -0.11119870E-01    -0.11119870E-01     0.00000000E+00     0.00000000E+00
    413.0    -0.11119882E-01    -0.11119882E-01     0.00000000E+00     0.00000000E+00
    414.0    -0.11119906E-01    -0.11119906E-01     0.00000000E+00     0.00000000E+00
    415.0    -0.11119946E-01    -0.11119946E-01     0.00000000E+00     0.00000000E+00
    416.0    -0.11120009E-01    -0.11120009E-01     0.00000000E+00     0.00000000E+00
    417.0    -0.11120103E-01    -0.11120103E-01     0.00000000E+00     0.00000000E+00
    418.0    -0.11120236E-01    -0.11120236E-01     0.00000000E+00     0.00000000E+00
    419.0    -0.11120424E-01    -0.11120424E-01     0.00000000E+00     0.00000000E+00
    420.0    -0.11120687E-01    -0.11120687E-01     0.00000000E+00     0.00000000E+00
    421.0    -0.11121041E-01    -0.11121041E-01     0.00000000E+00     0.00000000E+00
    422.0    -0.11121503E-01    -0.11121503E-01     0.00000000E+00     0.00000000E+00
    423.0    -0.11122091E-01    -0.11122091E-01     0.00000000E+00     0.00000000E+00
    424.0    -0.11122830E-01    -0.11122830E-01     0.00000000E+00     0.00000000E+00
    425.0    -0.11123747E-01    -0.11123747E-01     0.00000000E+00     0.00000000E+00
    426.0    -0.11124875E-01    -0.11124875E-01     0.00000000E+00     0.00000000E+00
    427.0    -0.11126253E-01    -0.11126253E-01     0.00000000E+00     0.00000000E+00
    428.0    -0.11127924E-01    -0.11127924E-01     0.00000000E+00     0.00000000E+00
    429.0    -0.11129939E-01    -0.11129939E-01     0.00000000E+00     0.00000000E+00
    430.0    -0.11132359E-01    -0.11132359E-01     0.00000000E+00     0.00000000E+00
    431.0    -0.11135251E-01    -0.11135251E-01     0.00000000E+00     0.00000000E+00
    432.0    -0.11138691E-01    -0.11138691E-01     0.00000000E+00     0.00000000E+00
    433.0    -0.11142767E-01    -0.11142767E-01     0.00000000E+00     0.00000000E+00
    434.0    -0.11147588E-01    -0.11147588E-01     0.00000000E+00     0.00000000E+00
    435.0    -0.11153260E-01    -0.11153260E-01     0.00000000E+00     0.00000000E+00
    436.0    -0.11159884E-01    -0.11159884E-01     0.00000000E+00     0.00000000E+00
    437.0    -0.11167643E-01    -0.11167643E-01     0.00000000E+00     0.00000000E+00
    438.0    -0.11176735E-01    -0.11176735E-01     0.00000000E+00     0.00000000E+00
    439.0    -0.11187103E-01    -0.11187103E-01     0.00000000E+00     0.00000000E+00
    440.0    -0.11199024E-01    -0.11199024E-01     0.00000000E+00     0.00000000E+00
    441.0    -0.11213248E-01    -0.11213248E-01     0.00000000E+00     0.00000000E+00
    442.0    -0.11230143E-01    -0.11230143E-01     0.00000000E+00     0.00000000E+00
    443.0    -0.11249839E-01    -0.11249839E-01     0.00000000E+00     0.00000000E+00
    444.0    -0.11272622E-01    -0.11272622E-01     0.00000000E+00     0.00000000E+00
    445.0    -0.11300192E-01    -0.11300192E-01     0.00000000E+00     0.00000000E+00
    446.0    -0.11331740E-01    -0.11331740E-01     0.00000000E+00     0.00000000E+00
    447.0    -0.11365588E-01    -0.11365588E-01     0.00000000E+00     0.00000000E+00
    448.0    -0.11400463E-01    -0.11400463E-01     0.00000000E+00     0.00000000E+00
    449.0    -0.11435238E-01    -0.11435238E-01     0.00000000E+00     0.00000000E+00
    450.0    -0.11469268E-01    -0.11469268E-01     0.00000000E+00     0.00000000E+00
    451.0    -0.11502023E-01    -0.11502023E-01     0.00000000E+00     0.00000000E+00
    452.0    -0.11532406E-01    -0.11532406E-01     0.00000000E+00     0.00000000E+00
    453.0    -0.11560111E-01    -0.11560111E-01     0.00000000E+00     0.00000000E+00
    454.0    -0.11585263E-01    -0.11585263E-01     0.00000000E+00     0.00000000E+00
    455.0    -0.11607570E-01    -0.11607570E-01     0.00000000E+00     0.00000000E+00
    456.0    -0.11627357E-01    -0.11627357E-01     0.00000000E+00     0.00000000E+00
    457.0    -0.11647020E-01    -0.11647020E-01     0.00000000E+00     0.00000000E+00
    458.0    -0.11662721E-01    -0.11662721E-01     0.00000000E+00     0.00000000E+00
    459.0    -0.11673123E-01    -0.11673123E-01     0.00000000E+00     0.00000000E+00
    460.0    -0.11677825E-01    -0.11677825E-01     0.00000000E+00     0.00000000E+00
    461.0    -0.11676607E-01    -0.11676607E-01     0.00000000E+00     0.00000000E+00
    462.0    -0.11669380E-01    -0.11669380E-01     0.00000000E+00     0.00000000E+00
    463.0    -0.11656160E-01    -0.11656160E-01     0.00000000E+00     0.00000000E+00
    464.0    -0.11637045E-01    -0.11637045E-01     0.00000000E+00     0.00000000E+00
    465.0    -0.11612192E-01    -0.11612192E-01     0.00000000E+00     0.00000000E+00
    466.0    -0.11581805E-01    -0.11581805E-01     0.00000000E+00     0.00000000E+00
    467.0    -0.11546120E-01    -0.11546120E-01     0.00000000E+00     0.00000000E+00
    468.0    -0.11505397E-01    -0.11505397E-01     0.00000000E+00     0.00000000E+00
    469.0    -0.11459911E-01    -0.11459911E-01     0.00000000E+00     0.00000000E+00
    470.0    -0.11409945E-01    -0.11409945E-01     0.00000000E+00     0.00000000E+00
    471.0    -0.11355787E-01    -0.11355787E-01     0.00000000E+00     0.00000000E+00
    472.0    -0.11297724E-01    -0.11297724E-01     0.00000000E+00     0.00000000E+00
    473.0    -0.11236040E-01    -0.11236040E-01     0.00000000E+00     0.00000000E+00
    474.0    -0.11171015E-01    -0.11171015E-01     0.00000000E+00     0.00000000E+00
    475.0    -0.11102921E-01    -0.11102921E-01     0.00000000E+00     0.00000000E+00
    476.0    -0.11032019E-01    -0.11032019E-01     0.00000000E+00     0.00000000E+00
    477.0    -0.10958563E-01    -0.10958563E-01     0.00000000E+00     0.00000000E+00
    478.0    -0.10882796E-01    -0.10882796E-01     0.00000000E+00     0.00000000E+00
    479.0    -0.10804948E-01    -0.10804948E-01     0.00000000E+00     0.00000000E+00
    480.0    -0.10725239E-01    -0.10725239E-01     0.00000000E+00     0.00000000E+00
    481.0    -0.10643877E-01    -0.10643877E-01     0.00000000E+00     0.00000000E+00
    482.0    -0.10561058E-01    -0.10561058E-01     0.00000000E+00     0.00000000E+00
    483.0    -0.10476968E-01    -0.10476968E-01     0.00000000E+00     0.00000000E+00
    484.0    -0.10391779E-01    -0.10391779E-01     0.00000000E+00     0.00000000E+00
    485.0    -0.10305654E-01    -0.10305654E-01     0.00000000E+00     0.00000000E+00
    486.0    -0.10218745E-01    -0.10218745E-01     0.00000000E+00     0.00000000E+00
    487.0    -0.10131193E-01    -0.10131193E-01     0.00000000E+00     0.00000000E+00
    488.0    -0.10043131E-01    -0.10043131E-01     0.00000000E+00     0.00000000E+00
    489.0    -0.99546788E-02    -0.99546788E-02     0.00000000E+00     0.00000000E+00
    490.0    -0.98659513E-02    -0.98659513E-02     0.00000000E+00     0.00000000E+00
    491.0    -0.97770530E-02    -0.97770530E-02     0.00000000E+00     0.00000000E+00
    492.0    -0.96880807E-02    -0.96880807E-02     0.00000000E+00     0.00000000E+00
    493.0    -0.95991235E-02    -0.95991235E-02     0.00000000E+00     0.00000000E+00
    494.0    -0.95102637E-02    -0.95102637E-02     0.00000000E+00     0.00000000E+00
    495.0    -0.94215767E-02    -0.94215767E-02     0.00000000E+00     0.00000000E+00
    496.0    -0.93331319E-02    -0.93331319E-02     0.00000000E+00     0.00000000E+00
    497.0    -0.92449925E-02    -0.92449925E-02     0.00000000E+00     0.00000000E+00
    498.0    -0.91572167E-02    -0.91572167E-02     0.00000000E+00     0.00000000E+00
    499.0    -0.90698573E-02    -0.90698573E-02     0.00000000E+00     0.00000000E+00
    500.0    -0.89829624E-02    -0.89829624E-02     0.00000000E+00     0.00000000E+00
    501.0    -0.88965759E-02    -0.88965759E-02     0.00000000E+00     0.00000000E+00
    502.0    -0.88107374E-02    -0.88107374E-02     0.00000000E+00     0.00000000E+00
    503.0    -0.87254827E-02    -0.87254827E-02     0.00000000E+00     0.00000000E+00
    504.0    -0.86408391E-02    -0.86408391E-02     0.00000000E+00     0.00000000E+00
    505.0    -0.85568403E-02    -0.85568403E-02     0.00000000E+00     0.00000000E+00
    506.0    -0.84735275E-02    -0.84735275E-02     0.00000000E+00     0.00000000E+00
    507.0    -0.83909301E-02    -0.83909301E-02     0.00000000E+00     0.00000000E+00
    508.0    -0.83090695E-02    -0.83090695E-02     0.00000000E+00     0.00000000E+00
    509.0    -0.82279611E-02    -0.82279611E-02     0.00000000E+00     0.00000000E+00
    510.0    -0.81476165E-02    -0.81476165E-02     0.00000000E+00     0.00000000E+00
    511.0    -0.80680445E-02    -0.80680445E-02     0.00000000E+00     0.00000000E+00
    512.0    -0.79892521E-02    -0.79892521E-02     0.00000000E+00     0.00000000E+00
    513.0    -0.79112460E-02    -0.79112460E-02     0.00000000E+00     0.00000000E+00
    514.0    -0.78340296E-02    -0.78340296E-02     0.00000000E+00     0.00000000E+00
    515.0    -0.77576003E-02    -0.77576003E-02     0.00000000E+00     0.00000000E+00
    516.0    -0.76819586E-02    -0.76819586E-02     0.00000000E+00     0.00000000E+00
    517.0    -0.76071063E-02    -0.76071063E-02     0.00000000E+00     0.00000000E+00
    518.0    -0.75330456E-02    -0.75330456E-02     0.00000000E+00     0.00000000E+00
    519.0    -0.74597785E-02    -0.74597785E-02     0.00000000E+00     0.00000000E+00
    520.0    -0.73873060E-02    -0.73873060E-02     0.00000000E+00     0.00000000E+00
    521.0    -0.73156283E-02    -0.73156283E-02     0.00000000E+00     0.00000000E+00
    522.0    -0.72447443E-02    -0.72447443E-02     0.00000000E+00     0.00000000E+00
    523.0    -0.71746521E-02    -0.71746521E-02     0.00000000E+00     0.00000000E+00
    524.0    -0.71053486E-02    -0.71053486E-02     0.00000000E+00     0.00000000E+00
    525.0    -0.70368299E-02    -0.70368299E-02     0.00000000E+00     0.00000000E+00
    526.0    -0.69690911E-02    -0.69690911E-02     0.00000000E+00     0.00000000E+00
    527.0    -0.69021268E-02    -0.69021268E-02     0.00000000E+00     0.00000000E+00
    528.0    -0.68359309E-02    -0.68359309E-02     0.00000000E+00     0.00000000E+00
    529.0    -0.67704969E-02    -0.67704969E-02     0.00000000E+00     0.00000000E+00
    530.0    -0.67058178E-02    -0.67058178E-02     0.00000000E+00     0.00000000E+00
    531.0    -0.66418863E-02    -0.66418863E-02     0.00000000E+00     0.00000000E+00
    532.0    -0.65786949E-02    -0.65786949E-02     0.00000000E+00     0.00000000E+00
    533.0    -0.65162358E-02    -0.65162358E-02     0.00000000E+00     0.00000000E+00
    534.0    -0.64545012E-02    -0.64545012E-02     0.00000000E+00     0.00000000E+00
    535.0    -0.63934832E-02    -0.63934832E-02     0.00000000E+00     0.00000000E+00
    536.0    -0.63331736E-02    -0.63331736E-02     0.00000000E+00     0.00000000E+00
    537.0    -0.62735645E-02    -0.62735645E-02     0.00000000E+00     0.00000000E+00
    538.0    -0.62146478E-02    -0.62146478E-02     0.00000000E+00     0.00000000E+00
    539.0    -0.61564156E-02    -0.61564156E-02     0.00000000E+00     0.00000000E+00
    540.0    -0.60988597E-02    -0.60988597E-02     0.00000000E+00     0.00000000E+00
    541.0    -0.60419723E-02    -0.60419723E-02     0.00000000E+00     0.00000000E+00
    542.0    -0.59857454E-02    -0.59857454E-02     0.00000000E+00     0.00000000E+00
    543.0    -0.59301713E-02    -0.59301713E-02     0.00000000E+00     0.00000000E+00
    544.0    -0.58752421E-02    -0.58752421E-02     0.00000000E+00     0.00000000E+00
    545.0    -0.58209503E-02    -0.58209503E-02     0.00000000E+00     0.00000000E+00
    546.0    -0.57672880E-02    -0.57672880E-02     0.00000000E+00     0.00000000E+00
    547.0    -0.57142479E-02    -0.57142479E-02     0.00000000E+00     0.00000000E+00
    548.0    -0.56618224E-02    -0.56618224E-02     0.00000000E+00     0.00000000E+00
    549.0    -0.56100042E-02    -0.56100042E-02     0.00000000E+00     0.00000000E+00
    550.0    -0.55587859E-02    -0.55587859E-02     0.00000000E+00     0.00000000E+00
    551.0    -0.55081602E-02    -0.55081602E-02     0.00000000E+00     0.00000000E+00
    552.0    -0.54581201E-02    -0.54581201E-02     0.00000000E+00     0.00000000E+00
    553.0    -0.54086584E-02    -0.54086584E-02     0.00000000E+00     0.00000000E+00
    554.0    -0.53597681E-02    -0.53597681E-02     0.00000000E+00     0.00000000E+00
    555.0    -0.53114422E-02    -0.53114422E-02     0.00000000E+00     0.00000000E+00
    556.0    -0.52636738E-02    -0.52636738E-02     0.00000000E+00     0.00000000E+00
    557.0    -0.52164562E-02    -0.52164562E-02     0.00000000E+00     0.00000000E+00
    558.0    -0.51697826E-02    -0.51697826E-02     0.00000000E+00     0.00000000E+00
    559.0    -0.51236464E-02    -0.51236464E-02     0.00000000E+00     0.00000000E+00
    560.0    -0.50780408E-02    -0.50780408E-02     0.00000000E+00     0.00000000E+00
    561.0    -0.50329594E-02    -0.50329594E-02     0.00000000E+00     0.00000000E+00
    562.0    -0.49883956E-02    -0.49883956E-02     0.00000000E+00     0.00000000E+00
    563.0    -0.49443431E-02    -0.49443431E-02     0.00000000E+00     0.00000000E+00
    564.0    -0.49007955E-02    -0.49007955E-02     0.00000000E+00     0.00000000E+00
    565.0    -0.48577464E-02    -0.48577464E-02     0.00000000E+00     0.00000000E+00
    566.0    -0.48151898E-02    -0.48151898E-02     0.00000000E+00     0.00000000E+00
    567.0    -0.47731193E-02    -0.47731193E-02     0.00000000E+00     0.00000000E+00
    568.0    -0.47315290E-02    -0.47315290E-02     0.00000000E+00     0.00000000E+00
    569.0    -0.46904126E-02    -0.46904126E-02     0.00000000E+00     0.00000000E+00
    570.0    -0.46497644E-02    -0.46497644E-02     0.00000000E+00     0.00000000E+00
    571.0    -0.46095782E-02    -0.46095782E-02     0.00000000E+00     0.00000000E+00
    572.0    -0.45698484E-02    -0.45698484E-02     0.00000000E+00     0.00000000E+00
    573.0    -0.45305690E-02    -0.45305690E-02     0.00000000E+00     0.00000000E+00
    574.0    -0.44917343E-02    -0.44917343E-02     0.00000000E+00     0.00000000E+00
    575.0    -0.44533387E-02    -0.44533387E-02     0.00000000E+00     0.00000000E+00
    576.0    -0.44153765E-02    -0.44153765E-02     0.00000000E+00     0.00000000E+00
    577.0    -0.43778421E-02    -0.43778421E-02     0.00000000E+00     0.00000000E+00
    578.0    -0.43407302E-02    -0.43407302E-02     0.00000000E+00     0.00000000E+00
    579.0    -0.43040353E-02    -0.43040353E-02     0.00000000E+00     0.00000000E+00
    580.0    -0.42677519E-02    -0.42677519E-02     0.00000000E+00     0.00000000E+00
    581.0    -0.42318748E-02    -0.42318748E-02     0.00000000E+00     0.00000000E+00
    582.0    -0.41963987E-02    -0.41963987E-02     0.00000000E+00     0.00000000E+00
    583.0    -0.41613185E-02    -0.41613185E-02     0.00000000E+00     0.00000000E+00
    584.0    -0.41266289E-02    -0.41266289E-02     0.00000000E+00     0.00000000E+00
    585.0    -0.40923248E-02    -0.40923248E-02     0.00000000E+00     0.00000000E+00
    586.0    -0.40584014E-02    -0.40584014E-02     0.00000000E+00     0.00000000E+00
    587.0    -0.40248536E-02    -0.40248536E-02     0.00000000E+00     0.00000000E+00
    588.0    -0.39916765E-02    -0.39916765E-02     0.00000000E+00     0.00000000E+00
    589.0    -0.39588653E-02    -0.39588653E-02     0.00000000E+00     0.00000000E+00
    590.0    -0.39264153E-02    -0.39264153E-02     0.00000000E+00     0.00000000E+00
    591.0    -0.38943218E-02    -0.38943218E-02     0.00000000E+00     0.00000000E+00
    592.0    -0.38625800E-02    -0.38625800E-02     0.00000000E+00     0.00000000E+00
    593.0    -0.38311855E-02    -0.38311855E-02     0.00000000E+00     0.00000000E+00
    594.0    -0.38001338E-02    -0.38001338E-02     0.00000000E+00     0.00000000E+00
    595.0    -0.37694203E-02    -0.37694203E-02     0.00000000E+00     0.00000000E+00
    596.0    -0.37390406E-02    -0.37390406E-02     0.00000000E+00     0.00000000E+00
    597.0    -0.37089906E-02    -0.37089906E-02     0.00000000E+00     0.00000000E+00
    598.0    -0.36792658E-02    -0.36792658E-02     0.00000000E+00     0.00000000E+00
    599.0    -0.36498620E-02    -0.36498620E-02     0.00000000E+00     0.00000000E+00
    600.0    -0.36207752E-02    -0.36207752E-02     0.00000000E+00     0.00000000E+00
    601.0    -0.35920011E-02    -0.35920011E-02     0.00000000E+00     0.00000000E+00
    602.0    -0.35635357E-02    -0.35635357E-02     0.00000000E+00     0.00000000E+00
    603.0    -0.35353750E-02    -0.35353750E-02     0.00000000E+00     0.00000000E+00
    604.0    -0.35075152E-02    -0.35075152E-02     0.00000000E+00     0.00000000E+00
    605.0    -0.34799522E-02    -0.34799522E-02     0.00000000E+00     0.00000000E+00
    606.0    -0.34526823E-02    -0.34526823E-02     0.00000000E+00     0.00000000E+00
    607.0    -0.34257016E-02    -0.34257016E-02     0.00000000E+00     0.00000000E+00
    608.0    -0.33990066E-02    -0.33990066E-02     0.00000000E+00     0.00000000E+00
    609.0    -0.33725933E-02    -0.33725933E-02     0.00000000E+00     0.00000000E+00
    610.0    -0.33464583E-02    -0.33464583E-02     0.00000000E+00     0.00000000E+00
    611.0    -0.33205980E-02    -0.33205980E-02     0.00000000E+00     0.00000000E+00
    612.0    -0.32950088E-02    -0.32950088E-02     0.00000000E+00     0.00000000E+00
    613.0    -0.32696872E-02    -0.32696872E-02     0.00000000E+00     0.00000000E+00
    614.0    -0.32446299E-02    -0.32446299E-02     0.00000000E+00     0.00000000E+00
    615.0    -0.32198335E-02    -0.32198335E-02     0.00000000E+00     0.00000000E+00
    616.0    -0.31952945E-02    -0.31952945E-02     0.00000000E+00     0.00000000E+00
    617.0    -0.31710098E-02    -0.31710098E-02     0.00000000E+00     0.00000000E+00
    618.0    -0.31469761E-02    -0.31469761E-02     0.00000000E+00     0.00000000E+00
    619.0    -0.31231902E-02    -0.31231902E-02     0.00000000E+00     0.00000000E+00
    620.0    -0.30996489E-02    -0.30996489E-02     0.00000000E+00     0.00000000E+00
    621.0    -0.30763492E-02    -0.30763492E-02     0.00000000E+00     0.00000000E+00
    622.0    -0.30532880E-02    -0.30532880E-02     0.00000000E+00     0.00000000E+00
    623.0    -0.30304623E-02    -0.30304623E-02     0.00000000E+00     0.00000000E+00
    624.0    -0.30078692E-02    -0.30078692E-02     0.00000000E+00     0.00000000E+00
    625.0    -0.29855057E-02    -0.29855057E-02     0.00000000E+00     0.00000000E+00
    626.0    -0.29633690E-02    -0.29633690E-02     0.00000000E+00     0.00000000E+00
    627.0    -0.29414562E-02    -0.29414562E-02     0.00000000E+00     0.00000000E+00
    628.0    -0.29197646E-02    -0.29197646E-02     0.00000000E+00     0.00000000E+00
    629.0    -0.28982914E-02    -0.28982914E-02     0.00000000E+00     0.00000000E+00
    630.0    -0.28770338E-02    -0.28770338E-02     0.00000000E+00     0.00000000E+00
    631.0    -0.28559893E-02    -0.28559893E-02     0.00000000E+00     0.00000000E+00
    632.0    -0.28351550E-02    -0.28351550E-02     0.00000000E+00     0.00000000E+00
    633.0    -0.28145285E-02    -0.28145285E-02     0.00000000E+00     0.00000000E+00
    634.0    -0.27941070E-02    -0.27941070E-02     0.00000000E+00     0.00000000E+00
    635.0    -0.27738880E-02    -0.27738880E-02     0.00000000E+00     0.00000000E+00
    636.0    -0.27538692E-02    -0.27538692E-02     0.00000000E+00     0.00000000E+00
    637.0    -0.27340483E-02    -0.27340483E-02     0.00000000E+00     0.00000000E+00
    638.0    -0.27144226E-02    -0.27144226E-02     0.00000000E+00     0.00000000E+00
    639.0    -0.26949897E-02    -0.26949897E-02     0.00000000E+00     0.00000000E+00
    640.0    -0.26757474E-02    -0.26757474E-02     0.00000000E+00     0.00000000E+00
    641.0    -0.26566931E-02    -0.26566931E-02     0.00000000E+00     0.00000000E+00
    642.0    -0.26378247E-02    -0.26378247E-02     0.00000000E+00     0.00000000E+00
    643.0    -0.26191398E-02    -0.26191398E-02     0.00000000E+00     0.00000000E+00
    644.0    -0.26006363E-02    -0.26006363E-02     0.00000000E+00     0.00000000E+00
    645.0    -0.25823118E-02    -0.25823118E-02     0.00000000E+00     0.00000000E+00
    646.0    -0.25641641E-02    -0.25641641E-02     0.00000000E+00     0.00000000E+00
    647.0    -0.25461911E-02    -0.25461911E-02     0.00000000E+00     0.00000000E+00
    648.0    -0.25283908E-02    -0.25283908E-02     0.00000000E+00     0.00000000E+00
    649.0    -0.25107610E-02    -0.25107610E-02     0.00000000E+00     0.00000000E+00
    650.0    -0.24932998E-02    -0.24932998E-02     0.00000000E+00     0.00000000E+00
    651.0    -0.24760051E-02    -0.24760051E-02     0.00000000E+00     0.00000000E+00
    652.0    -0.24588757E-02    -0.24588757E-02     0.00000000E+00     0.00000000E+00
    653.0    -0.24419107E-02    -0.24419107E-02     0.00000000E+00     0.00000000E+00
    654.0    -0.24251042E-02    -0.24251042E-02     0.00000000E+00     0.00000000E+00
    655.0    -0.24084563E-02    -0.24084563E-02     0.00000000E+00     0.00000000E+00
    656.0    -0.23919654E-02    -0.23919654E-02     0.00000000E+00     0.00000000E+00
    657.0    -0.23756297E-02    -0.23756297E-02     0.00000000E+00     0.00000000E+00
    658.0    -0.23594472E-02    -0.23594472E-02     0.00000000E+00     0.00000000E+00
    659.0    -0.23434163E-02    -0.23434163E-02     0.00000000E+00     0.00000000E+00
    660.0    -0.23275350E-02    -0.23275350E-02     0.00000000E+00     0.00000000E+00
    661.0    -0.23118007E-02    -0.23118007E-02     0.00000000E+00     0.00000000E+00
    662.0    -0.22962139E-02    -0.22962139E-02     0.00000000E+00     0.00000000E+00
    663.0    -0.22807718E-02    -0.22807718E-02     0.00000000E+00     0.00000000E+00
    664.0    -0.22654726E-02    -0.22654726E-02     0.00000000E+00     0.00000000E+00
    665.0    -0.22503148E-02    -0.22503148E-02     0.00000000E+00     0.00000000E+00
    666.0    -0.22352965E-02    -0.22352965E-02     0.00000000E+00     0.00000000E+00
    667.0    -0.22204163E-02    -0.22204163E-02     0.00000000E+00     0.00000000E+00
    668.0    -0.22056726E-02    -0.22056726E-02     0.00000000E+00     0.00000000E+00
    669.0    -0.21910636E-02    -0.21910636E-02     0.00000000E+00     0.00000000E+00
    670.0    -0.21765879E-02    -0.21765879E-02     0.00000000E+00     0.00000000E+00
    671.0    -0.21622440E-02    -0.21622440E-02     0.00000000E+00     0.00000000E+00
    672.0    -0.21480304E-02    -0.21480304E-02     0.00000000E+00     0.00000000E+00
    673.0    -0.21339455E-02    -0.21339455E-02     0.00000000E+00     0.00000000E+00
    674.0    -0.21199878E-02    -0.21199878E-02     0.00000000E+00     0.00000000E+00
    675.0    -0.21061560E-02    -0.21061560E-02     0.00000000E+00     0.00000000E+00
    676.0    -0.20924487E-02    -0.20924487E-02     0.00000000E+00     0.00000000E+00
    677.0    -0.20788643E-02    -0.20788643E-02     0.00000000E+00     0.00000000E+00
    678.0    -0.20654015E-02    -0.20654015E-02     0.00000000E+00     0.00000000E+00
    679.0    -0.20520589E-02    -0.20520589E-02     0.00000000E+00     0.00000000E+00
    680.0    -0.20388352E-02    -0.20388352E-02     0.00000000E+00     0.00000000E+00
    681.0    -0.20257290E-02    -0.20257290E-02     0.00000000E+00     0.00000000E+00
    682.0    -0.20127391E-02    -0.20127391E-02     0.00000000E+00     0.00000000E+00
    683.0    -0.19998641E-02    -0.19998641E-02     0.00000000E+00     0.00000000E+00
    684.0    -0.19871028E-02    -0.19871028E-02     0.00000000E+00     0.00000000E+00
    685.0    -0.19744538E-02    -0.19744538E-02     0.00000000E+00     0.00000000E+00
    686.0    -0.19619159E-02    -0.19619159E-02     0.00000000E+00     0.00000000E+00
    687.0    -0.19494880E-02    -0.19494880E-02     0.00000000E+00     0.00000000E+00
    688.0    -0.19371688E-02    -0.19371688E-02     0.00000000E+00     0.00000000E+00
    689.0    -0.19249570E-02    -0.19249570E-02     0.00000000E+00     0.00000000E+00
    690.0    -0.19128515E-02    -0.19128515E-02     0.00000000E+00     0.00000000E+00
    691.0    -0.19008512E-02    -0.19008512E-02     0.00000000E+00     0.00000000E+00
    692.0    -0.18889549E-02    -0.18889549E-02     0.00000000E+00     0.00000000E+00
    693.0    -0.18771615E-02    -0.18771615E-02     0.00000000E+00     0.00000000E+00
    694.0    -0.18654697E-02    -0.18654697E-02     0.00000000E+00     0.00000000E+00
    695.0    -0.18538786E-02    -0.18538786E-02     0.00000000E+00     0.00000000E+00
    696.0    -0.18423870E-02    -0.18423870E-02     0.00000000E+00     0.00000000E+00
    697.0    -0.18309939E-02    -0.18309939E-02     0.00000000E+00     0.00000000E+00
    698.0    -0.18196982E-02    -0.18196982E-02     0.00000000E+00     0.00000000E+00
    699.0    -0.18084988E-02    -0.18084988E-02     0.00000000E+00     0.00000000E+00
    700.0    -0.17973947E-02    -0.17973947E-02     0.00000000E+00     0.00000000E+00
    701.0    -0.17863849E-02    -0.17863849E-02     0.00000000E+00     0.00000000E+00
    702.0    -0.17754684E-02    -0.17754684E-02     0.00000000E+00     0.00000000E+00
    703.0    -0.17646442E-02    -0.17646442E-02     0.00000000E+00     0.00000000E+00
    704.0    -0.17539112E-02    -0.17539112E-02     0.00000000E+00     0.00000000E+00
    705.0    -0.17432686E-02    -0.17432686E-02     0.00000000E+00     0.00000000E+00
    706.0    -0.17327153E-02    -0.17327153E-02     0.00000000E+00     0.00000000E+00
    707.0    -0.17222504E-02    -0.17222504E-02     0.00000000E+00     0.00000000E+00
    708.0    -0.17118730E-02    -0.17118730E-02     0.00000000E+00     0.00000000E+00
    709.0    -0.17015821E-02    -0.17015821E-02     0.00000000E+00     0.00000000E+00
    710.0    -0.16913769E-02    -0.16913769E-02     0.00000000E+00     0.00000000E+00
    711.0    -0.16812564E-02    -0.16812564E-02     0.00000000E+00     0.00000000E+00
    712.0    -0.16712198E-02    -0.16712198E-02     0.00000000E+00     0.00000000E+00
    713.0    -0.16612661E-02    -0.16612661E-02     0.00000000E+00     0.00000000E+00
    714.0    -0.16513946E-02    -0.16513946E-02     0.00000000E+00     0.00000000E+00
    715.0    -0.16416043E-02    -0.16416043E-02     0.00000000E+00     0.00000000E+00
    716.0    -0.16318944E-02    -0.16318944E-02     0.00000000E+00     0.00000000E+00
    717.0    -0.16222640E-02    -0.16222640E-02     0.00000000E+00     0.00000000E+00
    718.0    -0.16127124E-02    -0.16127124E-02     0.00000000E+00     0.00000000E+00
    719.0    -0.16032387E-02    -0.16032387E-02     0.00000000E+00     0.00000000E+00
    720.0    -0.15938422E-02    -0.15938422E-02     0.00000000E+00     0.00000000E+00
    721.0    -0.15845220E-02    -0.15845220E-02     0.00000000E+00     0.00000000E+00
    722.0    -0.15752773E-02    -0.15752773E-02     0.00000000E+00     0.00000000E+00
    723.0    -0.15661074E-02    -0.15661074E-02     0.00000000E+00     0.00000000E+00
    724.0    -0.15570115E-02    -0.15570115E-02     0.00000000E+00     0.00000000E+00
    725.0    -0.15479888E-02    -0.15479888E-02     0.00000000E+00     0.00000000E+00
    726.0    -0.15390386E-02    -0.15390386E-02     0.00000000E+00     0.00000000E+00
    727.0    -0.15301602E-02    -0.15301602E-02     0.00000000E+00     0.00000000E+00
    728.0    -0.15213528E-02    -0.15213528E-02     0.00000000E+00     0.00000000E+00
    729.0    -0.15126158E-02    -0.15126158E-02     0.00000000E+00     0.00000000E+00
    730.0    -0.15039483E-02    -0.15039483E-02     0.00000000E+00     0.00000000E+00
    731.0    -0.14953497E-02    -0.14953497E-02     0.00000000E+00     0.00000000E+00
    732.0    -0.14868193E-02    -0.14868193E-02     0.00000000E+00     0.00000000E+00
    733.0    -0.14783564E-02    -0.14783564E-02     0.00000000E+00     0.00000000E+00
    734.0    -0.14699604E-02    -0.14699604E-02     0.00000000E+00     0.00000000E+00
    735.0    -0.14616305E-02    -0.14616305E-02     0.00000000E+00     0.00000000E+00
    736.0    -0.14533662E-02    -0.14533662E-02     0.00000000E+00     0.00000000E+00
    737.0    -0.14451667E-02    -0.14451667E-02     0.00000000E+00     0.00000000E+00
    738.0    -0.14370315E-02    -0.14370315E-02     0.00000000E+00     0.00000000E+00
    739.0    -0.14289599E-02    -0.14289599E-02     0.00000000E+00     0.00000000E+00
    740.0    -0.14209512E-02    -0.14209512E-02     0.00000000E+00     0.00000000E+00
    741.0    -0.14130049E-02    -0.14130049E-02     0.00000000E+00     0.00000000E+00
    742.0    -0.14051203E-02    -0.14051203E-02     0.00000000E+00     0.00000000E+00
    743.0    -0.13972968E-02    -0.13972968E-02     0.00000000E+00     0.00000000E+00
    744.0    -0.13895339E-02    -0.13895339E-02     0.00000000E+00     0.00000000E+00
    745.0    -0.13818308E-02    -0.13818308E-02     0.00000000E+00     0.00000000E+00
    746.0    -0.13741872E-02    -0.13741872E-02     0.00000000E+00     0.00000000E+00
    747.0    -0.13666023E-02    -0.13666023E-02     0.00000000E+00     0.00000000E+00
    748.0    -0.13590756E-02    -0.13590756E-02     0.00000000E+00     0.00000000E+00
    749.0    -0.13516065E-02    -0.13516065E-02     0.00000000E+00     0.00000000E+00
    750.0    -0.13441946E-02    -0.13441946E-02     0.00000000E+00     0.00000000E+00
    751.0    -0.13368391E-02    -0.13368391E-02     0.00000000E+00     0.00000000E+00
    752.0    -0.13295397E-02    -0.13295397E-02     0.00000000E+00     0.00000000E+00
    753.0    -0.13222957E-02    -0.13222957E-02     0.00000000E+00     0.00000000E+00
    754.0    -0.13151066E-02    -0.13151066E-02     0.00000000E+00     0.00000000E+00
    755.0    -0.13079719E-02    -0.13079719E-02     0.00000000E+00     0.00000000E+00
    756.0    -0.13008910E-02    -0.13008910E-02     0.00000000E+00     0.00000000E+00
    757.0    -0.12938635E-02    -0.12938635E-02     0.00000000E+00     0.00000000E+00
    758.0    -0.12868889E-02    -0.12868889E-02     0.00000000E+00     0.00000000E+00
    759.0    -0.12799667E-02    -0.12799667E-02     0.00000000E+00     0.00000000E+00
    760.0    -0.12730962E-02    -0.12730962E-02     0.00000000E+00     0.00000000E+00
    761.0    -0.12662772E-02    -0.12662772E-02     0.00000000E+00     0.00000000E+00
    762.0    -0.12595090E-02    -0.12595090E-02     0.00000000E+00     0.00000000E+00
    763.0    -0.12527913E-02    -0.12527913E-02     0.00000000E+00     0.00000000E+00
    764.0    -0.12461235E-02    -0.12461235E-02     0.00000000E+00     0.00000000E+00
    765.0    -0.12395052E-02    -0.12395052E-02     0.00000000E+00     0.00000000E+00
    766.0    -0.12329359E-02    -0.12329359E-02     0.00000000E+00     0.00000000E+00
    767.0    -0.12264151E-02    -0.12264151E-02     0.00000000E+00     0.00000000E+00
    768.0    -0.12199425E-02    -0.12199425E-02     0.00000000E+00     0.00000000E+00
    769.0    -0.12135175E-02    -0.12135175E-02     0.00000000E+00     0.00000000E+00
    770.0    -0.12071397E-02    -0.12071397E-02     0.00000000E+00     0.00000000E+00
    771.0    -0.12008088E-02    -0.12008088E-02     0.00000000E+00     0.00000000E+00
    772.0    -0.11945242E-02    -0.11945242E-02     0.00000000E+00     0.00000000E+00
    773.0    -0.11882855E-02    -0.11882855E-02     0.00000000E+00     0.00000000E+00
    774.0    -0.11820924E-02    -0.11820924E-02     0.00000000E+00     0.00000000E+00
    775.0    -0.11759444E-02    -0.11759444E-02     0.00000000E+00     0.00000000E+00
    776.0    -0.11698411E-02    -0.11698411E-02     0.00000000E+00     0.00000000E+00
    777.0    -0.11637821E-02    -0.11637821E-02     0.00000000E+00     0.00000000E+00
    778.0    -0.11577669E-02    -0.11577669E-02     0.00000000E+00     0.00000000E+00
    779.0    -0.11517953E-02    -0.11517953E-02     0.00000000E+00     0.00000000E+00
    780.0    -0.11458668E-02    -0.11458668E-02     0.00000000E+00     0.00000000E+00
    781.0    -0.11399810E-02    -0.11399810E-02     0.00000000E+00     0.00000000E+00
    782.0    -0.11341376E-02    -0.11341376E-02     0.00000000E+00     0.00000000E+00
    783.0    -0.11283361E-02    -0.11283361E-02     0.00000000E+00     0.00000000E+00
    784.0    -0.11225763E-02    -0.11225763E-02     0.00000000E+00     0.00000000E+00
    785.0    -0.11168576E-02    -0.11168576E-02     0.00000000E+00     0.00000000E+00
    786.0    -0.11111798E-02    -0.11111798E-02     0.00000000E+00     0.00000000E+00
    787.0    -0.11055425E-02    -0.11055425E-02     0.00000000E+00     0.00000000E+00
    788.0    -0.10999454E-02    -0.10999454E-02     0.00000000E+00     0.00000000E+00
    789.0    -0.10943880E-02    -0.10943880E-02     0.00000000E+00     0.00000000E+00
    790.0    -0.10888701E-02    -0.10888701E-02     0.00000000E+00     0.00000000E+00
    791.0    -0.10833913E-02    -0.10833913E-02     0.00000000E+00     0.00000000E+00
    792.0    -0.10779513E-02    -0.10779513E-02     0.00000000E+00     0.00000000E+00
    793.0    -0.10725496E-02    -0.10725496E-02     0.00000000E+00     0.00000000E+00
    794.0    -0.10671861E-02    -0.10671861E-02     0.00000000E+00     0.00000000E+00
    795.0    -0.10618603E-02    -0.10618603E-02     0.00000000E+00     0.00000000E+00
    796.0    -0.10565720E-02    -0.10565720E-02     0.00000000E+00     0.00000000E+00
    797.0    -0.10513207E-02    -0.10513207E-02     0.00000000E+00     0.00000000E+00
    798.0    -0.10461062E-02    -0.10461062E-02     0.00000000E+00     0.00000000E+00
    799.0    -0.10409283E-02    -0.10409283E-02     0.00000000E+00     0.00000000E+00
    800.0    -0.10357864E-02    -0.10357864E-02     0.00000000E+00     0.00000000E+00
    801.0    -0.10306805E-02    -0.10306805E-02     0.00000000E+00     0.00000000E+00
    802.0    -0.10256100E-02    -0.10256100E-02     0.00000000E+00     0.00000000E+00
    803.0    -0.10205749E-02    -0.10205749E-02     0.00000000E+00     0.00000000E+00
    804.0    -0.10155746E-02    -0.10155746E-02     0.00000000E+00     0.00000000E+00
    805.0    -0.10106090E-02    -0.10106090E-02     0.00000000E+00     0.00000000E+00
    806.0    -0.10056778E-02    -0.10056778E-02     0.00000000E+00     0.00000000E+00
    807.0    -0.10007807E-02    -0.10007807E-02     0.00000000E+00     0.00000000E+00
    808.0    -0.99591729E-03    -0.99591729E-03     0.00000000E+00     0.00000000E+00
    809.0    -0.99108742E-03    -0.99108742E-03     0.00000000E+00     0.00000000E+00
    810.0    -0.98629076E-03    -0.98629076E-03     0.00000000E+00     0.00000000E+00
    811.0    -0.98152705E-03    -0.98152705E-03     0.00000000E+00     0.00000000E+00
    812.0    -0.97679600E-03    -0.97679600E-03     0.00000000E+00     0.00000000E+00
    813.0    -0.97209735E-03    -0.97209735E-03     0.00000000E+00     0.00000000E+00
    814.0    -0.96743083E-03    -0.96743083E-03     0.00000000E+00     0.00000000E+00
    815.0    -0.96279617E-03    -0.96279617E-03     0.00000000E+00     0.00000000E+00
    816.0    -0.95819310E-03    -0.95819310E-03     0.00000000E+00     0.00000000E+00
    817.0    -0.95362138E-03    -0.95362138E-03     0.00000000E+00     0.00000000E+00
    818.0    -0.94908073E-03    -0.94908073E-03     0.00000000E+00     0.00000000E+00
    819.0    -0.94457092E-03    -0.94457092E-03     0.00000000E+00     0.00000000E+00
    820.0    -0.94009168E-03    -0.94009168E-03     0.00000000E+00     0.00000000E+00
    821.0    -0.93564276E-03    -0.93564276E-03     0.00000000E+00     0.00000000E+00
    822.0    -0.93122392E-03    -0.93122392E-03     0.00000000E+00     0.00000000E+00
    823.0    -0.92683492E-03    -0.92683492E-03     0.00000000E+00     0.00000000E+00
    824.0    -0.92247551E-03    -0.92247551E-03     0.00000000E+00     0.00000000E+00
    825.0    -0.91814545E-03    -0.91814545E-03     0.00000000E+00     0.00000000E+00
    826.0    -0.91384451E-03    -0.91384451E-03     0.00000000E+00     0.00000000E+00
    827.0    -0.90957246E-03    -0.90957246E-03     0.00000000E+00     0.00000000E+00
    828.0    -0.90532905E-03    -0.90532905E-03     0.00000000E+00     0.00000000E+00
    829.0    -0.90111407E-03    -0.90111407E-03     0.00000000E+00     0.00000000E+00
    830.0    -0.89692729E-03    -0.89692729E-03     0.00000000E+00     0.00000000E+00
    831.0    -0.89276848E-03    -0.89276848E-03     0.00000000E+00     0.00000000E+00
    832.0    -0.88863743E-03    -0.88863743E-03     0.00000000E+00     0.00000000E+00
    833.0    -0.88453393E-03    -0.88453393E-03     0.00000000E+00     0.00000000E+00
    834.0    -0.88045778E-03    -0.88045778E-03     0.00000000E+00     0.00000000E+00
    835.0    -0.87640876E-03    -0.87640876E-03     0.00000000E+00     0.00000000E+00
    836.0    -0.87238665E-03    -0.87238665E-03     0.00000000E+00     0.00000000E+00
    837.0    -0.86839124E-03    -0.86839124E-03     0.00000000E+00     0.00000000E+00
    838.0    -0.86442231E-03    -0.86442231E-03     0.00000000E+00     0.00000000E+00
    839.0    -0.86047965E-03    -0.86047965E-03     0.00000000E+00     0.00000000E+00
    840.0    -0.85656304E-03    -0.85656304E-03     0.00000000E+00     0.00000000E+00
    841.0    -0.85267227E-03    -0.85267227E-03     0.00000000E+00     0.00000000E+00
    842.0    -0.84880714E-03    -0.84880714E-03     0.00000000E+00     0.00000000E+00
    843.0    -0.84496743E-03    -0.84496743E-03     0.00000000E+00     0.00000000E+00
    844.0    -0.84115295E-03    -0.84115295E-03     0.00000000E+00     0.00000000E+00
    845.0    -0.83736349E-03    -0.83736349E-03     0.00000000E+00     0.00000000E+00
    846.0    -0.83359886E-03    -0.83359886E-03     0.00000000E+00     0.00000000E+00
    847.0    -0.82985886E-03    -0.82985886E-03     0.00000000E+00     0.00000000E+00
    848.0    -0.82614331E-03    -0.82614331E-03     0.00000000E+00     0.00000000E+00
    849.0    -0.82245201E-03    -0.82245201E-03     0.00000000E+00     0.00000000E+00
    850.0    -0.81878479E-03    -0.81878479E-03     0.00000000E+00     0.00000000E+00
    851.0    -0.81514145E-03    -0.81514145E-03     0.00000000E+00     0.00000000E+00
    852.0    -0.81152182E-03    -0.81152182E-03     0.00000000E+00     0.00000000E+00
    853.0    -0.80792572E-03    -0.80792572E-03     0.00000000E+00     0.00000000E+00
    854.0    -0.80435298E-03    -0.80435298E-03     0.00000000E+00     0.00000000E+00
    855.0    -0.80080342E-03    -0.80080342E-03     0.00000000E+00     0.00000000E+00
    856.0    -0.79727688E-03    -0.79727688E-03     0.00000000E+00     0.00000000E+00
    857.0    -0.79377318E-03    -0.79377318E-03     0.00000000E+00     0.00000000E+00
    858.0    -0.79029216E-03    -0.79029216E-03     0.00000000E+00     0.00000000E+00
    859.0    -0.78683366E-03    -0.78683366E-03     0.00000000E+00     0.00000000E+00
    860.0    -0.78339751E-03    -0.78339751E-03     0.00000000E+00     0.00000000E+00
    861.0    -0.77998355E-03    -0.77998355E-03     0.00000000E+00     0.00000000E+00
    862.0    -0.77659163E-03    -0.77659163E-03     0.00000000E+00     0.00000000E+00
    863.0    -0.77322158E-03    -0.77322158E-03     0.00000000E+00     0.00000000E+00
    864.0    -0.76987326E-03    -0.76987326E-03     0.00000000E+00     0.00000000E+00
    865.0    -0.76654651E-03    -0.76654651E-03     0.00000000E+00     0.00000000E+00
    866.0    -0.76324118E-03    -0.76324118E-03     0.00000000E+00     0.00000000E+00
    867.0    -0.75995711E-03    -0.75995711E-03     0.00000000E+00     0.00000000E+00
    868.0    -0.75669416E-03    -0.75669416E-03     0.00000000E+00     0.00000000E+00
    869.0    -0.75345219E-03    -0.75345219E-03     0.00000000E+00     0.00000000E+00
    870.0    -0.75023104E-03    -0.75023104E-03     0.00000000E+00     0.00000000E+00
    871.0    -0.74703057E-03    -0.74703057E-03     0.00000000E+00     0.00000000E+00
    872.0    -0.74385065E-03    -0.74385065E-03     0.00000000E+00     0.00000000E+00
    873.0    -0.74069112E-03    -0.74069112E-03     0.00000000E+00     0.00000000E+00
    874.0    -0.73755184E-03    -0.73755184E-03     0.00000000E+00     0.00000000E+00
    875.0    -0.73443269E-03    -0.73443269E-03     0.00000000E+00     0.00000000E+00
    876.0    -0.73133352E-03    -0.73133352E-03     0.00000000E+00     0.00000000E+00
    877.0    -0.72825420E-03    -0.72825420E-03     0.00000000E+00     0.00000000E+00
    878.0    -0.72519459E-03    -0.72519459E-03     0.00000000E+00     0.00000000E+00
    879.0    -0.72215456E-03    -0.72215456E-03     0.00000000E+00     0.00000000E+00
    880.0    -0.71913398E-03    -0.71913398E-03     0.00000000E+00     0.00000000E+00
    881.0    -0.71613272E-03    -0.71613272E-03     0.00000000E+00     0.00000000E+00
    882.0    -0.71315064E-03    -0.71315064E-03     0.00000000E+00     0.00000000E+00
    883.0    -0.71018763E-03    -0.71018763E-03     0.00000000E+00     0.00000000E+00
    884.0    -0.70724355E-03    -0.70724355E-03     0.00000000E+00     0.00000000E+00
    885.0    -0.70431829E-03    -0.70431829E-03     0.00000000E+00     0.00000000E+00
    886.0    -0.70141170E-03    -0.70141170E-03     0.00000000E+00     0.00000000E+00
    887.0    -0.69852368E-03    -0.69852368E-03     0.00000000E+00     0.00000000E+00
    888.0    -0.69565410E-03    -0.69565410E-03     0.00000000E+00     0.00000000E+00
    889.0    -0.69280285E-03    -0.69280285E-03     0.00000000E+00     0.00000000E+00
    890.0    -0.68996980E-03    -0.68996980E-03     0.00000000E+00     0.00000000E+00
    891.0    -0.68715483E-03    -0.68715483E-03     0.00000000E+00     0.00000000E+00
    892.0    -0.68435784E-03    -0.68435784E-03     0.00000000E+00     0.00000000E+00
    893.0    -0.68157871E-03    -0.68157871E-03     0.00000000E+00     0.00000000E+00
    894.0    -0.67881733E-03    -0.67881733E-03     0.00000000E+00     0.00000000E+00
    895.0    -0.67607358E-03    -0.67607358E-03     0.00000000E+00     0.00000000E+00
    896.0    -0.67334735E-03    -0.67334735E-03     0.00000000E+00     0.00000000E+00
    897.0    -0.67063854E-03    -0.67063854E-03     0.00000000E+00     0.00000000E+00
    898.0    -0.66794704E-03    -0.66794704E-03     0.00000000E+00     0.00000000E+00
    899.0    -0.66527274E-03    -0.66527274E-03     0.00000000E+00     0.00000000E+00
    900.0    -0.66261554E-03    -0.66261554E-03     0.00000000E+00     0.00000000E+00
