       flux1               flux2            flux3               flux4 
      0.00000000E+00     0.00000000E+00     0.00000000E+00     0.00000000E+00
      0.00000000E+00     0.00000000E+00     0.11677175E-01     0.00000000E+00
      0.00000000E+00     0.00000000E+00     0.11111111E-01     0.00000000E+00
      0.00000000E+00     0.00000000E+00     0.11111111E-01     0.00000000E+00
      0.00000000E+00     0.00000000E+00     0.11111111E-01     0.00000000E+00
      0.00000000E+00     0.00000000E+00     0.11111111E-01     0.00000000E+00
      0.00000000E+00     0.00000000E+00     0.11111105E-01     0.00000000E+00
      0.00000000E+00     0.00000000E+00     0.11020326E-01     0.00000000E+00
      0.00000000E+00     0.00000000E+00     0.10934313E-01     0.00000000E+00
      0.00000000E+00     0.00000000E+00     0.10924859E-01     0.00000000E+00
      0.00000000E+00     0.00000000E+00     0.10937460E-01     0.00000000E+00
      0.00000000E+00     0.00000000E+00     0.10948074E-01     0.00000000E+00
      0.00000000E+00     0.00000000E+00     0.10965622E-01     0.00000000E+00
      0.00000000E+00     0.00000000E+00     0.10984993E-01     0.00000000E+00
      0.00000000E+00     0.00000000E+00     0.11003721E-01     0.00000000E+00
      0.00000000E+00     0.00000000E+00     0.11020720E-01     0.00000000E+00
      0.00000000E+00     0.00000000E+00     0.11035616E-01     0.00000000E+00
      0.00000000E+00     0.00000000E+00     0.11048384E-01     0.00000000E+00
      0.00000000E+00     0.00000000E+00     0.11059176E-01     0.00000000E+00
      0.00000000E+00     0.00000000E+00     0.11068216E-01     0.00000000E+00
      0.00000000E+00     0.00000000E+00     0.11075741E-01     0.00000000E+00
      0.00000000E+00     0.00000000E+00     0.11081979E-01     0.00000000E+00
      0.00000000E+00     0.00000000E+00     0.11087135E-01     0.00000000E+00
      0.00000000E+00     0.00000000E+00     0.11091389E-01     0.00000000E+00
      0.00000000E+00     0.00000000E+00     0.11094894E-01     0.00000000E+00
      0.00000000E+00     0.00000000E+00     0.11097779E-01     0.00000000E+00
      0.00000000E+00     0.00000000E+00     0.11100152E-01     0.00000000E+00
      0.00000000E+00     0.00000000E+00     0.11102103E-01     0.00000000E+00
      0.00000000E+00     0.00000000E+00     0.11103706E-01     0.00000000E+00
      0.00000000E+00     0.00000000E+00     0.11105023E-01     0.00000000E+00
      0.00000000E+00     0.00000000E+00     0.11106105E-01     0.00000000E+00
      0.00000000E+00     0.00000000E+00     0.11106994E-01     0.00000000E+00
      0.00000000E+00     0.00000000E+00     0.11107725E-01     0.00000000E+00
      0.00000000E+00     0.00000000E+00     0.11108326E-01     0.00000000E+00
      0.00000000E+00     0.00000000E+00     0.11108819E-01     0.00000000E+00
      0.00000000E+00     0.00000000E+00     0.11109225E-01     0.00000000E+00
      0.00000000E+00     0.00000000E+00     0.11109558E-01     0.00000000E+00
      0.00000000E+00     0.00000000E+00     0.11109833E-01     0.00000000E+00
      0.00000000E+00     0.00000000E+00     0.11110058E-01     0.00000000E+00
      0.00000000E+00     0.00000000E+00     0.11110244E-01     0.00000000E+00
      0.00000000E+00     0.00000000E+00     0.11110397E-01     0.00000000E+00
      0.00000000E+00     0.00000000E+00     0.11110523E-01     0.00000000E+00
      0.00000000E+00     0.00000000E+00     0.11110626E-01     0.00000000E+00
      0.00000000E+00     0.00000000E+00     0.11110711E-01     0.00000000E+00
      0.00000000E+00    -0.25497307E-20     0.11110782E-01     0.25497307E-20
      0.00000000E+00     0.39364749E-20     0.11110839E-01    -0.39364749E-20
      0.00000000E+00    -0.40285326E-20     0.11110887E-01     0.40285326E-20
      0.00000000E+00    -0.18384563E-21     0.11110926E-01     0.18384563E-21
      0.00000000E+00    -0.36278569E-22     0.11110959E-01     0.36278569E-22
      0.00000000E+00     0.67259086E-20     0.11110985E-01    -0.67259086E-20
      0.00000000E+00    -0.18503365E-21     0.11111007E-01     0.18503365E-21
      0.00000000E+00     0.00000000E+00     0.11111025E-01     0.00000000E+00
      0.00000000E+00     0.34862418E-19     0.11111040E-01    -0.34862418E-19
      0.00000000E+00     0.18718791E-19     0.11111053E-01    -0.18718791E-19
      0.00000000E+00    -0.19403757E-19     0.11111063E-01     0.19403757E-19
      0.00000000E+00     0.41413249E-20     0.11111071E-01    -0.41413249E-20
      0.00000000E+00    -0.62626935E-20     0.11111078E-01     0.62626935E-20
      0.00000000E+00     0.31271241E-19     0.11111084E-01    -0.31271241E-19
      0.00000000E+00    -0.10750178E-19     0.11111089E-01     0.10750178E-19
      0.00000000E+00     0.84473899E-20     0.11111093E-01    -0.84473899E-20
      0.00000000E+00     0.87361315E-20     0.11111096E-01    -0.87361315E-20
      0.00000000E+00    -0.95555587E-20     0.11111098E-01     0.95555587E-20
      0.00000000E+00     0.37224769E-19     0.11111101E-01    -0.37224769E-19
      0.00000000E+00    -0.35503731E-19     0.11111102E-01     0.35503731E-19
      0.00000000E+00     0.55080048E-19     0.11111104E-01    -0.55080048E-19
      0.00000000E+00    -0.14470344E-19     0.11111105E-01     0.14470344E-19
      0.00000000E+00    -0.57407460E-20     0.11111106E-01     0.57407460E-20
      0.00000000E+00     0.14088244E-19     0.11111107E-01    -0.14088244E-19
      0.00000000E+00     0.19771263E-19     0.11111108E-01    -0.19771263E-19
      0.00000000E+00    -0.39793042E-19     0.11111108E-01     0.39793042E-19
      0.00000000E+00    -0.91463478E-20     0.11111109E-01     0.91463478E-20
      0.00000000E+00     0.42952590E-21     0.11111109E-01    -0.42952590E-21
      0.00000000E+00     0.28963828E-19     0.11111110E-01    -0.28963828E-19
      0.00000000E+00     0.90182372E-20     0.11111110E-01    -0.90182372E-20
      0.00000000E+00    -0.99727118E-19     0.11111110E-01     0.99727118E-19
      0.00000000E+00    -0.10035586E-18     0.11111110E-01     0.10035586E-18
      0.00000000E+00     0.38231598E-20     0.11111110E-01    -0.38231598E-20
      0.00000000E+00     0.61425537E-19     0.11111111E-01    -0.61425537E-19
      0.00000000E+00    -0.21002971E-19     0.11111111E-01     0.21002971E-19
      0.00000000E+00    -0.30153257E-20     0.11111111E-01     0.30153257E-20
      0.00000000E+00    -0.68550489E-20     0.11111111E-01     0.68550489E-20
      0.00000000E+00    -0.32643674E-19     0.11111111E-01     0.32643674E-19
      0.00000000E+00     0.15016276E-19     0.11111111E-01    -0.15016276E-19
      0.00000000E+00     0.89485668E-20     0.11111111E-01    -0.89485668E-20
      0.00000000E+00    -0.93079674E-19     0.11111111E-01     0.93079674E-19
      0.00000000E+00    -0.77010538E-19     0.11111111E-01     0.77010538E-19
      0.00000000E+00    -0.52149550E-19     0.11111111E-01     0.52149550E-19
      0.00000000E+00    -0.24104211E-19     0.11111111E-01     0.24104211E-19
      0.00000000E+00     0.12682152E-19     0.11111111E-01    -0.12682152E-19
      0.00000000E+00    -0.13476266E-19     0.11111111E-01     0.13476266E-19
      0.00000000E+00     0.11304035E-19     0.11111111E-01    -0.11304035E-19
      0.00000000E+00    -0.22607801E-19     0.11111111E-01     0.22607801E-19
      0.00000000E+00     0.31152421E-19     0.11111111E-01    -0.31152421E-19
      0.00000000E+00    -0.88485079E-19     0.11111111E-01     0.88485079E-19
      0.00000000E+00    -0.56570440E-19     0.11111111E-01     0.56570440E-19
      0.00000000E+00     0.13781040E-18     0.11111111E-01    -0.13781040E-18
      0.00000000E+00    -0.22165908E-19     0.11111111E-01     0.22165908E-19
      0.00000000E+00     0.45384135E-19     0.11111111E-01    -0.45384135E-19
      0.00000000E+00    -0.11495673E-18     0.11111111E-01     0.11495673E-18
      0.00000000E+00    -0.11334765E-19     0.11111111E-01     0.11334765E-19
      0.00000000E+00     0.10317759E-18     0.11111111E-01    -0.10317759E-18
      0.00000000E+00    -0.11348893E-19     0.11111111E-01     0.11348893E-19
      0.00000000E+00     0.92267992E-19     0.11111111E-01    -0.92267992E-19
      0.00000000E+00     0.57656559E-19     0.11111111E-01    -0.57656559E-19
      0.00000000E+00    -0.11627668E-19     0.11111111E-01     0.11627668E-19
      0.00000000E+00    -0.18399541E-18     0.11111111E-01     0.18399541E-18
      0.00000000E+00    -0.11648531E-19     0.11111111E-01     0.11648531E-19
      0.00000000E+00    -0.11417184E-19     0.11111111E-01     0.11417184E-19
      0.00000000E+00    -0.57560458E-19     0.11111111E-01     0.57560458E-19
      0.00000000E+00    -0.11474193E-19     0.11111111E-01     0.11474193E-19
      0.00000000E+00     0.80520092E-19     0.11111111E-01    -0.80520092E-19
      0.00000000E+00    -0.23056659E-19     0.11111111E-01     0.23056659E-19
      0.00000000E+00    -0.57592146E-19     0.11111111E-01     0.57592146E-19
      0.00000000E+00     0.22974443E-19     0.11111111E-01    -0.22974443E-19
      0.00000000E+00     0.46053553E-19     0.11111111E-01    -0.46053553E-19
      0.00000000E+00     0.34558275E-19     0.11111111E-01    -0.34558275E-19
      0.00000000E+00    -0.80624456E-19     0.11111111E-01     0.80624456E-19
      0.00000000E+00     0.57593018E-19     0.11111111E-01    -0.57593018E-19
      0.00000000E+00    -0.46087017E-19     0.11111111E-01     0.46087017E-19
      0.00000000E+00     0.42321260E-23     0.11111111E-01    -0.42321260E-23
      0.00000000E+00     0.69137668E-19     0.11111111E-01    -0.69137668E-19
      0.00000000E+00    -0.23045085E-19     0.11111111E-01     0.23045085E-19
      0.00000000E+00     0.46090389E-19     0.11111111E-01    -0.46090389E-19
      0.00000000E+00    -0.10369948E-18     0.11111111E-01     0.10369948E-18
      0.00000000E+00    -0.13315190E-22     0.11111111E-01     0.13315190E-22
      0.00000000E+00    -0.14977311E-18     0.11111111E-01     0.14977311E-18
      0.00000000E+00     0.10369367E-18     0.11111111E-01    -0.10369367E-18
      0.00000000E+00     0.34568702E-19     0.11111111E-01    -0.34568702E-19
      0.00000000E+00     0.10369796E-18     0.11111111E-01    -0.10369796E-18
      0.00000000E+00     0.92172820E-19     0.11111111E-01    -0.92172820E-19
      0.00000000E+00    -0.11521814E-18     0.11111111E-01     0.11521814E-18
      0.00000000E+00     0.35960140E-19     0.11111111E-01    -0.35960140E-19
      0.00000000E+00    -0.80653386E-19     0.11111111E-01     0.80653386E-19
      0.00000000E+00     0.92361399E-19     0.11111111E-01    -0.92361399E-19
      0.00000000E+00     0.23383464E-19     0.11111111E-01    -0.23383464E-19
      0.00000000E+00     0.15275771E-18     0.11111111E-01    -0.15275771E-18
      0.00000000E+00     0.48680399E-20     0.11111111E-01    -0.48680399E-20
      0.00000000E+00    -0.46037356E-19     0.11111111E-01     0.46037356E-19
      0.00000000E+00    -0.10748844E-18     0.11111111E-01     0.10748844E-18
      0.00000000E+00    -0.36153263E-19     0.11111111E-01     0.36153263E-19
      0.00000000E+00     0.90567765E-20     0.11111111E-01    -0.90567765E-20
      0.00000000E+00     0.30672746E-19     0.11111111E-01    -0.30672746E-19
      0.00000000E+00     0.52140241E-19     0.11111111E-01    -0.52140241E-19
      0.00000000E+00    -0.57585548E-19     0.11111111E-01     0.57585548E-19
      0.00000000E+00    -0.35260302E-20     0.11111111E-01     0.35260302E-20
      0.00000000E+00    -0.85877472E-19     0.11111111E-01     0.85877472E-19
      0.00000000E+00    -0.14092869E-18     0.11111111E-01     0.14092869E-18
      0.00000000E+00     0.54173550E-20     0.11111111E-01    -0.54173550E-20
      0.00000000E+00     0.84803061E-19     0.11111111E-01    -0.84803061E-19
      0.00000000E+00    -0.30843118E-19     0.11111111E-01     0.30843118E-19
      0.00000000E+00     0.14405571E-18     0.11111111E-01    -0.14405571E-18
      0.00000000E+00     0.77286235E-19     0.11111111E-01    -0.77286235E-19
      0.00000000E+00     0.37467540E-19     0.11111111E-01    -0.37467540E-19
      0.00000000E+00     0.67660543E-19     0.11111111E-01    -0.67660543E-19
      0.00000000E+00    -0.16054162E-18     0.11111111E-01     0.16054162E-18
      0.00000000E+00     0.11443007E-18     0.11111111E-01    -0.11443007E-18
      0.00000000E+00     0.40800118E-19     0.11111111E-01    -0.40800118E-19
      0.00000000E+00    -0.18944377E-18     0.11111111E-01     0.18944377E-18
      0.00000000E+00    -0.43698554E-19     0.11111111E-01     0.43698554E-19
      0.00000000E+00    -0.14393394E-18     0.11111111E-01     0.14393394E-18
      0.00000000E+00    -0.40422868E-19     0.11111111E-01     0.40422868E-19
      0.00000000E+00    -0.43877657E-19     0.11111111E-01     0.43877657E-19
      0.00000000E+00     0.21023094E-20     0.11111111E-01    -0.21023094E-20
      0.00000000E+00    -0.13255532E-18     0.11111111E-01     0.13255532E-18
      0.00000000E+00    -0.50943547E-19     0.11111111E-01     0.50943547E-19
      0.00000000E+00     0.13184310E-18     0.11111111E-01    -0.13184310E-18
      0.00000000E+00    -0.80813741E-19     0.11111111E-01     0.80813741E-19
      0.00000000E+00     0.17245694E-19     0.11111111E-01    -0.17245694E-19
      0.00000000E+00    -0.74590068E-19     0.11111111E-01     0.74590068E-19
      0.00000000E+00     0.51379200E-19     0.11111111E-01    -0.51379200E-19
      0.00000000E+00     0.11650626E-19     0.11111111E-01    -0.11650626E-19
      0.00000000E+00     0.12675083E-18     0.11111111E-01    -0.12675083E-18
      0.00000000E+00     0.23009876E-19     0.11111111E-01    -0.23009876E-19
      0.00000000E+00    -0.11503020E-19     0.11111111E-01     0.11503020E-19
      0.00000000E+00     0.34482121E-19     0.11111111E-01    -0.34482121E-19
      0.00000000E+00    -0.74690918E-19     0.11111111E-01     0.74690918E-19
      0.00000000E+00     0.57324284E-20     0.11111111E-01    -0.57324284E-20
      0.00000000E+00    -0.12676746E-18     0.11111111E-01     0.12676746E-18
      0.00000000E+00    -0.67668339E-19     0.11111111E-01     0.67668339E-19
      0.00000000E+00     0.97800383E-19     0.11111111E-01    -0.97800383E-19
      0.00000000E+00     0.41026179E-20     0.11111111E-01    -0.41026179E-20
      0.00000000E+00     0.57595308E-19     0.11111111E-01    -0.57595308E-19
      0.00000000E+00    -0.15834813E-18     0.11111111E-01     0.15834813E-18
      0.00000000E+00    -0.13485609E-18     0.11111111E-01     0.13485609E-18
      0.00000000E+00    -0.67041968E-19     0.11111111E-01     0.67041968E-19
      0.00000000E+00     0.14489724E-18     0.11111111E-01    -0.14489724E-18
      0.00000000E+00     0.10315688E-19     0.11111111E-01    -0.10315688E-19
      0.00000000E+00     0.90557935E-19     0.11111111E-01    -0.90557935E-19
      0.00000000E+00     0.49225425E-19     0.11111111E-01    -0.49225425E-19
      0.00000000E+00    -0.38607887E-19     0.11111111E-01     0.38607887E-19
      0.00000000E+00     0.47439745E-19     0.11111111E-01    -0.47439745E-19
      0.00000000E+00    -0.32268694E-19     0.11111111E-01     0.32268694E-19
      0.00000000E+00     0.44733810E-20     0.11111111E-01    -0.44733810E-20
      0.00000000E+00    -0.39059624E-19     0.11111111E-01     0.39059624E-19
      0.00000000E+00    -0.79530607E-19     0.11111111E-01     0.79530607E-19
      0.00000000E+00     0.12196766E-18     0.11111111E-01    -0.12196766E-18
      0.00000000E+00     0.13137473E-18     0.11111111E-01    -0.13137473E-18
      0.00000000E+00    -0.43543970E-21     0.11111111E-01     0.43543970E-21
      0.00000000E+00     0.78574691E-19     0.11111111E-01    -0.78574691E-19
      0.00000000E+00     0.80761349E-17     0.11111111E-01    -0.80761349E-17
      0.00000000E+00     0.62401572E-17     0.11111111E-01    -0.62401572E-17
      0.00000000E+00    -0.16714263E-18     0.11111111E-01     0.16714263E-18
      0.00000000E+00     0.27340287E-19     0.11111111E-01    -0.27340287E-19
      0.00000000E+00     0.48626300E-17     0.11111111E-01    -0.48626300E-17
      0.00000000E+00     0.24716525E-17     0.11111111E-01    -0.24716525E-17
      0.00000000E+00     0.23124547E-19     0.11111111E-01    -0.23124547E-19
      0.00000000E+00     0.28420447E-19     0.11111111E-01    -0.28420447E-19
      0.00000000E+00     0.98515112E-19     0.11111111E-01    -0.98515112E-19
      0.00000000E+00     0.80096701E-18     0.11111111E-01    -0.80096701E-18
      0.00000000E+00     0.10256266E-17     0.11111111E-01    -0.10256266E-17
      0.00000000E+00     0.16973085E-18     0.11111111E-01    -0.16973085E-18
      0.00000000E+00     0.18065676E-18     0.11111111E-01    -0.18065676E-18
      0.00000000E+00     0.79831315E-18     0.11111111E-01    -0.79831315E-18
      0.00000000E+00     0.58936618E-17     0.11111111E-01    -0.58936618E-17
      0.00000000E+00     0.30649169E-18     0.11111111E-01    -0.30649169E-18
      0.00000000E+00     0.37781774E-18     0.11111111E-01    -0.37781774E-18
      0.00000000E+00     0.52880688E-18     0.11111111E-01    -0.52880688E-18
      0.00000000E+00     0.41159026E-17     0.11111111E-01    -0.41159026E-17
      0.00000000E+00     0.49866931E-18     0.11111111E-01    -0.49866931E-18
      0.00000000E+00     0.52410836E-18     0.11111111E-01    -0.52410836E-18
      0.00000000E+00     0.64771476E-18     0.11111111E-01    -0.64771476E-18
      0.00000000E+00     0.65682954E-17     0.11111111E-01    -0.65682954E-17
      0.00000000E+00     0.21161488E-17     0.11111111E-01    -0.21161488E-17
      0.00000000E+00     0.65898324E-18     0.11111111E-01    -0.65898324E-18
      0.00000000E+00     0.96364846E-19     0.11111111E-01    -0.96364846E-19
      0.00000000E+00    -0.30437522E-18     0.11111111E-01     0.30437522E-18
      0.00000000E+00     0.64619473E-18     0.11111111E-01    -0.64619473E-18
     -0.22430070-311     0.74605100E-18     0.11111111E-01    -0.74605100E-18
     -0.67980535-296    -0.50889899E-17     0.11111111E-01     0.50889899E-17
     -0.42009277-284     0.78380705E-18     0.11111111E-01    -0.78380705E-18
     -0.13315691-274     0.72256509E-18     0.11111111E-01    -0.72256509E-18
     -0.12392873-266     0.11167564E-17     0.11111111E-01    -0.11167564E-17
     -0.46967673-259    -0.10877581E-16     0.11111111E-01     0.10877581E-16
     -0.22990948-240    -0.16214684E-17     0.11111111E-01     0.16214684E-17
     -0.41256754-219     0.78921593E-18     0.11111111E-01    -0.78921593E-18
     -0.54976611-205     0.67366967E-18     0.11111111E-01    -0.67366967E-18
     -0.48876292-195    -0.14417378E-17     0.11111111E-01     0.14417378E-17
     -0.20546025-187    -0.14870794E-17     0.11111111E-01     0.14870794E-17
     -0.30228834-181     0.67486265E-18     0.11111111E-01    -0.67486265E-18
     -0.47712606-176     0.61635853E-18     0.11111111E-01    -0.61635853E-18
     -0.96473175-171     0.62194138E-18     0.11111111E-01    -0.62194138E-18
     -0.34798426-157     0.61397988E-18     0.11111111E-01    -0.61397988E-18
     -0.14865408-143     0.76642541E-18     0.11111111E-01    -0.76642541E-18
     -0.13643404-134     0.74411846E-18     0.11111111E-01    -0.74411846E-18
     -0.31772040-128     0.73526341E-18     0.11111111E-01    -0.73526341E-18
     -0.25687285-123     0.65554522E-18     0.11111111E-01    -0.65554522E-18
     -0.24866965-119     0.87731565E-18     0.11111111E-01    -0.87731565E-18
     -0.60079981-116     0.65251427E-18     0.11111111E-01    -0.65251427E-18
     -0.48777493-112     0.66478708E-18     0.11111111E-01    -0.66478708E-18
     -0.23358781-102     0.67088459E-18     0.11111111E-01    -0.67088459E-18
     -0.10606576E-93     0.68748282E-18     0.11111111E-01    -0.68748282E-18
     -0.47764493E-88     0.77160884E-18     0.11111111E-01    -0.77160884E-18
     -0.53476424E-84     0.79191797E-18     0.11111111E-01    -0.79191797E-18
     -0.73487230E-81     0.64500709E-18     0.11111111E-01    -0.64500709E-18
     -0.26544091E-78     0.69984088E-18     0.11111111E-01    -0.69984088E-18
     -0.41907663E-76     0.73999327E-18     0.11111111E-01    -0.73999327E-18
     -0.50380696E-73     0.60196414E-18     0.11111111E-01    -0.60196414E-18
     -0.28514026E-66     0.74589636E-18     0.11111111E-01    -0.74589636E-18
     -0.76158086E-61     0.59613625E-18     0.11111111E-01    -0.59613625E-18
     -0.25852997E-57     0.59910065E-18     0.11111111E-01    -0.59910065E-18
     -0.91147055E-55     0.69126866E-18     0.11111111E-01    -0.69126866E-18
     -0.87479300E-53     0.63654733E-18     0.11111111E-01    -0.63654733E-18
     -0.36409709E-51     0.69415144E-18     0.11111111E-01    -0.69415144E-18
     -0.99002503E-50     0.68842765E-18     0.11111111E-01    -0.68842765E-18
     -0.37278599E-47     0.67400500E-18     0.11111111E-01    -0.67400500E-18
     -0.14262169E-42     0.63368281E-18     0.11111111E-01    -0.63368281E-18
     -0.31036847E-39     0.64681201E-18     0.11111111E-01    -0.64681201E-18
     -0.45510836E-37     0.63697616E-18     0.11111111E-01    -0.63697616E-18
     -0.16824208E-35     0.76282477E-18     0.11111111E-01    -0.76282477E-18
     -0.27910691E-34     0.61947196E-18     0.11111111E-01    -0.61947196E-18
     -0.27786673E-33     0.77045926E-18     0.11111111E-01    -0.77045926E-18
     -0.26398692E-32     0.75658776E-18     0.11111111E-01    -0.75658776E-18
     -0.44659769E-30     0.76673745E-18     0.11111111E-01    -0.76673745E-18
     -0.46122398E-27     0.71880329E-18     0.11111111E-01    -0.71880329E-18
     -0.44935626E-25     0.73421935E-18     0.11111111E-01    -0.73421935E-18
     -0.85009522E-24     0.71562658E-18     0.11111111E-01    -0.71562658E-18
     -0.70364173E-23     0.58596035E-18     0.11111111E-01    -0.58596035E-18
     -0.36154136E-22     0.74630514E-18     0.11111111E-01    -0.74630514E-18
     -0.14084070E-21     0.67116287E-18     0.11111111E-01    -0.67116287E-18
     -0.91306534E-21     0.68326079E-18     0.11111111E-01    -0.68326079E-18
     -0.71881739E-19     0.61144347E-18     0.11111111E-01    -0.61144347E-18
     -0.56460253E-17     0.61997493E-18     0.11111111E-01    -0.61997493E-18
     -0.71285452E-16     0.75415905E-18     0.11111111E-01    -0.75415905E-18
     -0.34070113E-15     0.76540854E-18     0.11111111E-01    -0.76540854E-18
     -0.10310916E-14     0.74296484E-18     0.11111111E-01    -0.74296484E-18
     -0.24199292E-14     0.72755498E-18     0.11111111E-01    -0.72755498E-18
     -0.55703900E-14     0.66373151E-18     0.11111111E-01    -0.66373151E-18
     -0.48136392E-13     0.72272004E-18     0.11111111E-01    -0.72272004E-18
     -0.13997970E-11     0.64068525E-18     0.11111111E-01    -0.64068525E-18
     -0.16703159E-10     0.18016584E-17     0.11111111E-01    -0.18016584E-17
     -0.50358515E-10     0.78789384E-18     0.11111111E-01    -0.78789384E-18
     -0.94071304E-10     0.15844648E-17     0.11111111E-01    -0.15844648E-17
     -0.14528084E-09     0.60497315E-18     0.11111111E-01    -0.60497315E-18
     -0.20574284E-09     0.67415017E-18     0.11111111E-01    -0.67415017E-18
     -0.58687423E-09     0.21301442E-17     0.11111111E-01    -0.21301442E-17
     -0.68984057E-08     0.71864896E-18     0.11111111E-01    -0.71864896E-18
     -0.65512009E-07     0.68990755E-18     0.11111111E-01    -0.68990755E-18
     -0.15863950E-06     0.15079799E-17     0.11111111E-01    -0.15079799E-17
     -0.15776141E-06     0.64523693E-18     0.11111111E-01    -0.64523693E-18
     -0.15670458E-06     0.25910050E-17     0.11111111E-01    -0.25910050E-17
     -0.15565718E-06     0.65679626E-18     0.11111111E-01    -0.65679626E-18
     -0.23648853E-06     0.72752232E-18    -0.28478392E-07    -0.72752232E-18
     -0.23790557E-05    -0.16620710E-17    -0.32100961E-07     0.16620710E-17
     -0.14812082E-04     0.68826361E-18    -0.15521108E-07    -0.68826361E-18
      0.32492123E-05     0.82571125E-18     0.19751644E-08    -0.82571125E-18
      0.88997846E-03     0.65624465E-18     0.15354462E-07    -0.65624465E-18
      0.86897948E-03     0.48688870E-18     0.23821691E-07    -0.48688870E-18
      0.78978477E-03     0.80570135E-18     0.28162315E-07    -0.80570135E-18
      0.60275988E-03     0.71404996E-18     0.29541186E-07    -0.71404996E-18
      0.93029471E-04     0.70624746E-18     0.27783544E-04    -0.70624746E-18
     -0.61012633E-03     0.61869480E-18     0.38092480E-03    -0.61869480E-18
     -0.15730829E-02     0.69279181E-18     0.31631969E-03    -0.69279181E-18
     -0.24471753E-02     0.56368697E-18     0.26363174E-03    -0.56368697E-18
     -0.33735641E-02     0.89566918E-18     0.24070508E-03    -0.89566918E-18
     -0.43172821E-02     0.82748498E-18     0.23509141E-03    -0.82748498E-18
     -0.52309959E-02     0.53075556E-18     0.22683013E-03    -0.53075556E-18
     -0.60817266E-02     0.62372516E-18     0.21704472E-03    -0.62372516E-18
     -0.68502612E-02     0.57807250E-18     0.20652747E-03    -0.57807250E-18
     -0.75285526E-02     0.74665457E-18     0.19577066E-03    -0.74665457E-18
     -0.81165519E-02     0.79047079E-18     0.18501564E-03    -0.79047079E-18
     -0.86193086E-02     0.75333412E-18     0.17444409E-03    -0.75333412E-18
     -0.90446843E-02     0.58686817E-18     0.16420965E-03    -0.58686817E-18
     -0.94017283E-02     0.91536505E-18     0.15440864E-03    -0.91536505E-18
     -0.96996224E-02     0.62802376E-18     0.14509720E-03    -0.62802376E-18
     -0.99470554E-02     0.83779320E-18     0.13630057E-03    -0.83779320E-18
     -0.10151900E-01     0.87019928E-18     0.12800821E-03    -0.87019928E-18
     -0.10321085E-01     0.60349996E-18     0.12021220E-03    -0.60349996E-18
     -0.10460585E-01     0.81143494E-18     0.11290605E-03    -0.81143494E-18
     -0.10575481E-01     0.74310911E-18     0.10607504E-03    -0.74310911E-18
     -0.10670044E-01     0.75542324E-18     0.99698419E-04    -0.75542324E-18
     -0.10747843E-01     0.72983643E-18     0.93753147E-04    -0.72983643E-18
     -0.10811840E-01     0.91434314E-18     0.88214521E-04    -0.91434314E-18
     -0.10864484E-01     0.94443726E-18     0.83057600E-04    -0.94443726E-18
     -0.10907797E-01     0.73267318E-18     0.78257698E-04    -0.73267318E-18
     -0.10943441E-01     0.68399688E-18     0.73790625E-04    -0.68399688E-18
     -0.10972783E-01     0.81768752E-18     0.69633039E-04    -0.81768752E-18
     -0.10996947E-01     0.77077408E-18     0.65762654E-04    -0.77077408E-18
     -0.11016853E-01     0.69245386E-18     0.62158432E-04    -0.69245386E-18
     -0.11033260E-01     0.76732726E-18     0.58800755E-04    -0.76732726E-18
     -0.11046787E-01     0.56177329E-18     0.55671202E-04    -0.56177329E-18
     -0.11057945E-01     0.72357776E-18     0.52752613E-04    -0.72357776E-18
     -0.11067152E-01     0.82864639E-18     0.50029061E-04    -0.82864639E-18
     -0.11074753E-01     0.59901653E-18     0.47485801E-04    -0.59901653E-18
     -0.11081030E-01     0.67752585E-18     0.45109213E-04    -0.67752585E-18
     -0.11086216E-01     0.70855354E-18     0.42886733E-04    -0.70855354E-18
     -0.11090502E-01     0.63694117E-18     0.40806787E-04    -0.63694117E-18
     -0.11094045E-01     0.68992595E-18     0.38858713E-04    -0.68992595E-18
     -0.11096976E-01     0.70355028E-18    -0.97179788E-05    -0.70355028E-18
     -0.11099400E-01     0.67921476E-18    -0.78861027E-04    -0.67921476E-18
     -0.11101406E-01     0.60342155E-18    -0.76333616E-04    -0.60342155E-18
     -0.11103067E-01     0.75431393E-18    -0.73826096E-04    -0.75431393E-18
     -0.11104442E-01     0.66883039E-18    -0.71352400E-04    -0.66883039E-18
     -0.11105581E-01     0.74651943E-18    -0.68923407E-04    -0.74651943E-18
     -0.11106524E-01     0.66967325E-18    -0.66547505E-04    -0.66967325E-18
     -0.11107306E-01     0.50747165E-18    -0.64231018E-04    -0.50747165E-18
     -0.11107954E-01     0.61360030E-18    -0.61487980E-04    -0.61360030E-18
     -0.11108491E-01     0.75415331E-18    -0.54658247E-04    -0.75415331E-18
     -0.11108937E-01     0.78829103E-18    -0.49603195E-04    -0.78829103E-18
     -0.11109306E-01     0.73621852E-18    -0.45638351E-04    -0.73621852E-18
     -0.11109613E-01     0.70820178E-18    -0.42289837E-04    -0.70820178E-18
     -0.11109867E-01     0.74380656E-18    -0.39379971E-04    -0.74380656E-18
     -0.11110078E-01     0.63740098E-18    -0.36810251E-04    -0.63740098E-18
     -0.11110253E-01     0.76328619E-18    -0.34516481E-04    -0.76328619E-18
     -0.11110398E-01     0.67471979E-18    -0.32452887E-04    -0.67471979E-18
     -0.11110519E-01     0.77886365E-18    -0.30584951E-04    -0.77886365E-18
     -0.11110619E-01     0.62099537E-18    -0.28885641E-04    -0.62099537E-18
     -0.11110702E-01     0.61179011E-18    -0.27333205E-04    -0.61179011E-18
     -0.11110771E-01     0.67361637E-18    -0.25909775E-04    -0.67361637E-18
     -0.11110829E-01     0.57047918E-18    -0.24598854E-04    -0.57047918E-18
     -0.11110876E-01     0.76678769E-18    -0.23370561E-04    -0.76678769E-18
     -0.11110916E-01     0.64916546E-18    -0.22245449E-04    -0.64916546E-18
     -0.11110949E-01     0.69426503E-18    -0.21677269E-04    -0.69426503E-18
     -0.11110976E-01     0.71109706E-18    -0.21241475E-04    -0.71109706E-18
     -0.11110999E-01     0.72121718E-18    -0.20766908E-04    -0.72121718E-18
     -0.11111018E-01     0.76519711E-18    -0.20258710E-04    -0.76519711E-18
     -0.11111033E-01     0.62306370E-18    -0.19721551E-04    -0.62306370E-18
     -0.11111047E-01     0.77731353E-18    -0.19159734E-04    -0.77731353E-18
     -0.11111057E-01     0.76828615E-18    -0.18577217E-04    -0.76828615E-18
     -0.11111066E-01     0.71783775E-18    -0.17977629E-04    -0.71783775E-18
     -0.11111074E-01     0.74256091E-18    -0.17364281E-04    -0.74256091E-18
     -0.11111080E-01     0.62314900E-18    -0.16740189E-04    -0.62314900E-18
     -0.11111085E-01     0.78335164E-18    -0.16108084E-04    -0.78335164E-18
     -0.11111089E-01     0.67132803E-18    -0.15470435E-04    -0.67132803E-18
     -0.11111093E-01     0.72367388E-18    -0.14829471E-04    -0.72367388E-18
     -0.11111096E-01     0.71615795E-18    -0.14187185E-04    -0.71615795E-18
     -0.11111098E-01     0.72603767E-18    -0.13545302E-04    -0.72603767E-18
     -0.11111100E-01     0.76110032E-18    -0.12905328E-04    -0.76110032E-18
     -0.11111101E-01     0.72973642E-18    -0.12268594E-04    -0.72973642E-18
     -0.11111103E-01     0.59318983E-18    -0.11636273E-04    -0.59318983E-18
     -0.11111104E-01     0.84503802E-18    -0.11009395E-04    -0.84503802E-18
     -0.11111105E-01     0.49884767E-18    -0.10388859E-04    -0.49884767E-18
     -0.11111106E-01     0.71856928E-18    -0.97754436E-05    -0.71856928E-18
     -0.11111107E-01     0.60462702E-18    -0.91698205E-05    -0.60462702E-18
     -0.11111108E-01     0.74413910E-18    -0.85725622E-05    -0.74413910E-18
     -0.11111110E-01     0.78217642E-18    -0.79841529E-05    -0.78217642E-18
     -0.11111111E-01     0.58512787E-18    -0.77281354E-05    -0.58512787E-18
     -0.11111112E-01     0.66072042E-18    -0.78909095E-05    -0.66072042E-18
     -0.11111113E-01     0.72684835E-18    -0.80390255E-05    -0.72684835E-18
     -0.11111115E-01     0.64803843E-18    -0.81705681E-05    -0.64803843E-18
     -0.11111117E-01     0.72648120E-18    -0.82857236E-05    -0.72648120E-18
     -0.11111120E-01     0.78248349E-18    -0.83847837E-05    -0.78248349E-18
     -0.11111124E-01     0.66997258E-18    -0.84681249E-05    -0.66997258E-18
     -0.11111128E-01     0.66648505E-18    -0.85361903E-05    -0.66648505E-18
     -0.11111134E-01     0.78620507E-18    -0.85894744E-05    -0.78620507E-18
     -0.11111142E-01     0.65405440E-18    -0.86285099E-05    -0.65405440E-18
     -0.11111151E-01     0.67075140E-18    -0.86538570E-05    -0.67075140E-18
     -0.11111164E-01     0.66026180E-18    -0.86660939E-05    -0.66026180E-18
     -0.11111181E-01     0.72505256E-18    -0.86658095E-05    -0.72505256E-18
     -0.11111203E-01     0.73395672E-18    -0.86535969E-05    -0.73395672E-18
     -0.11111231E-01     0.73736635E-18    -0.86300479E-05    -0.73736635E-18
     -0.11111268E-01     0.57846736E-18    -0.85957487E-05    -0.57846736E-18
     -0.11111314E-01     0.74764225E-18    -0.85512757E-05    -0.74764225E-18
     -0.11111373E-01     0.58545073E-18    -0.84971929E-05    -0.58545073E-18
     -0.11111448E-01     0.66009861E-18    -0.84340499E-05    -0.66009861E-18
     -0.11111543E-01     0.69002976E-18    -0.83623809E-05    -0.69002976E-18
     -0.11111663E-01     0.68701990E-18    -0.82827035E-05    -0.68701990E-18
     -0.11111813E-01     0.72524912E-18    -0.81955179E-05    -0.72524912E-18
     -0.11112001E-01     0.73099444E-18    -0.81013063E-05    -0.73099444E-18
     -0.11112235E-01     0.68909053E-18    -0.80005709E-05    -0.68909053E-18
     -0.11112526E-01     0.73843394E-18    -0.78981844E-05    -0.73843394E-18
     -0.11112885E-01     0.72632536E-18    -0.78026471E-05    -0.72632536E-18
     -0.11113327E-01     0.69832489E-18    -0.77143364E-05    -0.69832489E-18
     -0.11113870E-01     0.56897708E-18    -0.76326336E-05    -0.56897708E-18
     -0.11114534E-01     0.63722939E-18    -0.75569465E-05    -0.63722939E-18
     -0.11115343E-01     0.67247259E-18    -0.74867103E-05    -0.67247259E-18
     -0.11116325E-01     0.65102324E-18    -0.74213884E-05    -0.65102324E-18
     -0.11117515E-01     0.69538722E-18    -0.73604730E-05    -0.69538722E-18
     -0.11118949E-01     0.79391075E-18    -0.73034849E-05    -0.79391075E-18
     -0.11120674E-01     0.59256816E-18    -0.72499736E-05    -0.59256816E-18
     -0.11122740E-01     0.73608065E-18    -0.71995167E-05    -0.73608065E-18
     -0.11125207E-01     0.69590573E-18    -0.71517195E-05    -0.69590573E-18
     -0.11128145E-01     0.70841772E-18    -0.71062142E-05    -0.70841772E-18
     -0.11131628E-01     0.68094995E-18    -0.70626594E-05    -0.68094995E-18
     -0.11135746E-01     0.68509939E-18    -0.70207385E-05    -0.68509939E-18
     -0.11140608E-01     0.52525311E-18    -0.69801594E-05    -0.52525311E-18
     -0.11146319E-01     0.62469628E-18    -0.69406532E-05    -0.62469628E-18
     -0.11152982E-01     0.65100011E-18    -0.69019729E-05    -0.65100011E-18
     -0.11160779E-01     0.70653146E-18    -0.68638927E-05    -0.70653146E-18
     -0.11169909E-01     0.62539627E-18    -0.68262066E-05    -0.62539627E-18
     -0.11180315E-01     0.63060494E-18    -0.67887274E-05    -0.63060494E-18
     -0.11192273E-01     0.65593209E-18    -0.67512857E-05    -0.65593209E-18
     -0.11206535E-01     0.70491570E-18    -0.67137286E-05    -0.70491570E-18
     -0.11223467E-01     0.68187771E-18    -0.66759406E-05    -0.68187771E-18
     -0.11243201E-01     0.67786635E-18    -0.66379643E-05    -0.67786635E-18
     -0.11266022E-01     0.68607397E-18    -0.65999354E-05    -0.68607397E-18
     -0.11293630E-01     0.71094550E-18    -0.65619773E-05    -0.71094550E-18
     -0.11325216E-01     0.52383012E-18    -0.65241969E-05    -0.52383012E-18
     -0.11359101E-01     0.66659862E-18    -0.64866856E-05    -0.66659862E-18
     -0.11394013E-01     0.66069388E-18    -0.64495207E-05    -0.66069388E-18
     -0.11428826E-01     0.64820450E-18    -0.64127669E-05    -0.64820450E-18
     -0.11462892E-01     0.64049544E-18    -0.63764765E-05    -0.64049544E-18
     -0.11495682E-01     0.59366159E-18    -0.63406917E-05    -0.59366159E-18
     -0.11526101E-01     0.59531307E-18    -0.63054445E-05    -0.59531307E-18
     -0.11553840E-01     0.63762318E-18    -0.62707584E-05    -0.63762318E-18
     -0.11579027E-01     0.51792584E-18    -0.62366489E-05    -0.51792584E-18
     -0.11601367E-01     0.69213749E-18    -0.62031244E-05    -0.69213749E-18
     -0.11621186E-01     0.53417811E-18    -0.61701870E-05    -0.53417811E-18
     -0.11640882E-01     0.63101646E-18    -0.61378334E-05    -0.63101646E-18
     -0.11656615E-01     0.64420145E-18    -0.61060552E-05    -0.64420145E-18
     -0.11667048E-01     0.58031467E-18    -0.60748397E-05    -0.58031467E-18
     -0.11671781E-01     0.60401355E-18    -0.60441706E-05    -0.60401355E-18
     -0.11670593E-01     0.62422916E-18    -0.60140284E-05    -0.62422916E-18
     -0.11663396E-01     0.59405979E-18    -0.59843907E-05    -0.59405979E-18
     -0.11650205E-01     0.62130491E-18    -0.59552331E-05    -0.62130491E-18
     -0.11631119E-01     0.57267117E-18    -0.59265291E-05    -0.57267117E-18
     -0.11606294E-01     0.60732676E-18    -0.58982513E-05    -0.60732676E-18
     -0.11575935E-01     0.58633358E-18    -0.58703737E-05    -0.58633358E-18
     -0.11540277E-01     0.54595840E-18    -0.58428740E-05    -0.54595840E-18
     -0.11499582E-01     0.52266088E-18    -0.58157335E-05    -0.52266088E-18
     -0.11454122E-01     0.62812165E-18    -0.57889368E-05    -0.62812165E-18
     -0.11404183E-01     0.60655630E-18    -0.57624706E-05    -0.60655630E-18
     -0.11350051E-01     0.59887319E-18    -0.57363243E-05    -0.59887319E-18
     -0.11292013E-01     0.58748408E-18    -0.57104888E-05    -0.58748408E-18
     -0.11230355E-01     0.59104717E-18    -0.56849568E-05    -0.59104717E-18
     -0.11165356E-01     0.59196241E-18    -0.56597223E-05    -0.59196241E-18
     -0.11097286E-01     0.56777255E-18    -0.56347801E-05    -0.56777255E-18
     -0.11026409E-01     0.54189563E-18    -0.56101259E-05    -0.54189563E-18
     -0.10952978E-01     0.60150713E-18    -0.55857561E-05    -0.60150713E-18
     -0.10877234E-01     0.58895098E-18    -0.55616676E-05    -0.58895098E-18
     -0.10799410E-01     0.57252666E-18    -0.55378572E-05    -0.57252666E-18
     -0.10719725E-01     0.66761686E-18    -0.55143224E-05    -0.66761686E-18
     -0.10638386E-01     0.54638868E-18    -0.54910605E-05    -0.54638868E-18
     -0.10555590E-01     0.50873721E-18    -0.54680686E-05    -0.50873721E-18
     -0.10471523E-01     0.54116504E-18    -0.54453441E-05    -0.54116504E-18
     -0.10386356E-01     0.55313117E-18    -0.54228839E-05    -0.55313117E-18
     -0.10300254E-01     0.57784276E-18    -0.54006849E-05    -0.57784276E-18
     -0.10213367E-01     0.48507193E-18    -0.53787436E-05    -0.48507193E-18
     -0.10125836E-01     0.57949437E-18    -0.53570562E-05    -0.57949437E-18
     -0.10037795E-01     0.58008877E-18    -0.53356189E-05    -0.58008877E-18
     -0.99493643E-02     0.49503960E-18    -0.53144273E-05    -0.49503960E-18
     -0.98606578E-02     0.57957220E-18    -0.52934770E-05    -0.57957220E-18
     -0.97717802E-02     0.54194389E-18    -0.52727635E-05    -0.54194389E-18
     -0.96828284E-02     0.54415185E-18    -0.52522822E-05    -0.54415185E-18
     -0.95938915E-02     0.50227049E-18    -0.52320287E-05    -0.50227049E-18
     -0.95050517E-02     0.53672172E-18    -0.52119984E-05    -0.53672172E-18
     -0.94163845E-02     0.47784597E-18    -0.51921869E-05    -0.47784597E-18
     -0.93279593E-02     0.55391286E-18    -0.51725900E-05    -0.55391286E-18
     -0.92398393E-02     0.51889082E-18    -0.51532035E-05    -0.51889082E-18
     -0.91520827E-02     0.51106133E-18    -0.51340233E-05    -0.51106133E-18
     -0.90647422E-02     0.51732931E-18    -0.51150456E-05    -0.51732931E-18
     -0.89778661E-02     0.50669003E-18    -0.50962665E-05    -0.50669003E-18
     -0.88914982E-02     0.51022024E-18    -0.50776825E-05    -0.51022024E-18
     -0.88056781E-02     0.48546827E-18    -0.50592902E-05    -0.48546827E-18
     -0.87204416E-02     0.49616369E-18    -0.50410861E-05    -0.49616369E-18
     -0.86358161E-02     0.51673039E-18    -0.50230671E-05    -0.51673039E-18
     -0.85518351E-02     0.51025812E-18    -0.50052301E-05    -0.51025812E-18
     -0.84685399E-02     0.52289800E-18    -0.49875721E-05    -0.52289800E-18
     -0.83859601E-02     0.51130885E-18    -0.49700903E-05    -0.51130885E-18
     -0.83041167E-02     0.46816572E-18    -0.49527819E-05    -0.46816572E-18
     -0.82230255E-02     0.50927840E-18    -0.49356441E-05    -0.50927840E-18
     -0.81426978E-02     0.51284771E-18    -0.49186745E-05    -0.51284771E-18
     -0.80631427E-02     0.54187866E-18    -0.49018703E-05    -0.54187866E-18
     -0.79843669E-02     0.53070177E-18    -0.48852292E-05    -0.53070177E-18
     -0.79063772E-02     0.49553528E-18    -0.48687486E-05    -0.49553528E-18
     -0.78291771E-02     0.54292552E-18    -0.48524261E-05    -0.54292552E-18
     -0.77527641E-02     0.49740336E-18    -0.48362594E-05    -0.49740336E-18
     -0.76771384E-02     0.57685008E-18    -0.48202462E-05    -0.57685008E-18
     -0.76023019E-02     0.45747434E-18    -0.48043840E-05    -0.45747434E-18
     -0.75282569E-02     0.55150169E-18    -0.47886708E-05    -0.55150169E-18
     -0.74550054E-02     0.49916822E-18    -0.47731041E-05    -0.49916822E-18
     -0.73825483E-02     0.42177317E-18    -0.47576820E-05    -0.42177317E-18
     -0.73108859E-02     0.46864247E-18    -0.47424021E-05    -0.46864247E-18
     -0.72400171E-02     0.49666417E-18    -0.47272624E-05    -0.49666417E-18
     -0.71699399E-02     0.44788909E-18    -0.47122608E-05    -0.44788909E-18
     -0.71006512E-02     0.45252286E-18    -0.46973952E-05    -0.45252286E-18
     -0.70321472E-02     0.47877914E-18    -0.46826638E-05    -0.47877914E-18
     -0.69644230E-02     0.50706591E-18    -0.46680643E-05    -0.50706591E-18
     -0.68974732E-02     0.44345979E-18    -0.46535951E-05    -0.44345979E-18
     -0.68312917E-02     0.47006630E-18    -0.46392541E-05    -0.47006630E-18
     -0.67658719E-02     0.49541660E-18    -0.46250395E-05    -0.49541660E-18
     -0.67012069E-02     0.46578005E-18    -0.46109495E-05    -0.46578005E-18
     -0.66372894E-02     0.46473214E-18    -0.45969823E-05    -0.46473214E-18
     -0.65741118E-02     0.44986377E-18    -0.45831362E-05    -0.44986377E-18
     -0.65116664E-02     0.52004754E-18    -0.45694095E-05    -0.52004754E-18
     -0.64499454E-02     0.48749313E-18    -0.45558004E-05    -0.48749313E-18
     -0.63889409E-02     0.46549229E-18    -0.45423074E-05    -0.46549229E-18
     -0.63286447E-02     0.45449918E-18    -0.45289289E-05    -0.45449918E-18
     -0.62690488E-02     0.41781171E-18    -0.45156632E-05    -0.41781171E-18
     -0.62101453E-02     0.49594246E-18    -0.45025089E-05    -0.49594246E-18
     -0.61519261E-02     0.43786738E-18    -0.44894644E-05    -0.43786738E-18
     -0.60943832E-02     0.51772853E-18    -0.44765283E-05    -0.51772853E-18
     -0.60375086E-02     0.53914319E-18    -0.44636990E-05    -0.53914319E-18
     -0.59812944E-02     0.49867983E-18    -0.44509752E-05    -0.49867983E-18
     -0.59257329E-02     0.42904548E-18    -0.44383555E-05    -0.42904548E-18
     -0.58708163E-02     0.52787990E-18    -0.44258384E-05    -0.52787990E-18
     -0.58165368E-02     0.44916652E-18    -0.44134227E-05    -0.44916652E-18
     -0.57628869E-02     0.43316080E-18    -0.44011069E-05    -0.43316080E-18
     -0.57098590E-02     0.52943397E-18    -0.43888899E-05    -0.52943397E-18
     -0.56574457E-02     0.43609415E-18    -0.43767702E-05    -0.43609415E-18
     -0.56056394E-02     0.47683891E-18    -0.43647467E-05    -0.47683891E-18
     -0.55544331E-02     0.41638282E-18    -0.43528182E-05    -0.41638282E-18
     -0.55038192E-02     0.46047860E-18    -0.43409833E-05    -0.46047860E-18
     -0.54537909E-02     0.44812134E-18    -0.43292409E-05    -0.44812134E-18
     -0.54043408E-02     0.43920111E-18    -0.43175899E-05    -0.43920111E-18
     -0.53554620E-02     0.46540133E-18    -0.43060290E-05    -0.46540133E-18
     -0.53071476E-02     0.48732773E-18    -0.42945571E-05    -0.48732773E-18
     -0.52593907E-02     0.47028538E-18    -0.42831732E-05    -0.47028538E-18
     -0.52121844E-02     0.44623614E-18    -0.42718761E-05    -0.44623614E-18
     -0.51655220E-02     0.46591997E-18    -0.42606648E-05    -0.46591997E-18
     -0.51193968E-02     0.46088455E-18    -0.42495382E-05    -0.46088455E-18
     -0.50738023E-02     0.45229042E-18    -0.42384952E-05    -0.45229042E-18
     -0.50287318E-02     0.42429387E-18    -0.42275348E-05    -0.42429387E-18
     -0.49841789E-02     0.43189040E-18    -0.42166560E-05    -0.43189040E-18
     -0.49401372E-02     0.41932528E-18    -0.42058579E-05    -0.41932528E-18
     -0.48966003E-02     0.36416569E-18    -0.41951394E-05    -0.36416569E-18
     -0.48535619E-02     0.38949467E-18    -0.41844997E-05    -0.38949467E-18
     -0.48110158E-02     0.42494272E-18    -0.41739377E-05    -0.42494272E-18
     -0.47689559E-02     0.43766240E-18    -0.41634525E-05    -0.43766240E-18
     -0.47273759E-02     0.44570190E-18    -0.41530433E-05    -0.44570190E-18
     -0.46862699E-02     0.40051740E-18    -0.41427090E-05    -0.40051740E-18
     -0.46456319E-02     0.38097395E-18    -0.41324490E-05    -0.38097395E-18
     -0.46054560E-02     0.40165527E-18    -0.41222622E-05    -0.40165527E-18
     -0.45657362E-02     0.44841165E-18    -0.41121478E-05    -0.44841165E-18
     -0.45264668E-02     0.38589102E-18    -0.41021050E-05    -0.38589102E-18
     -0.44876421E-02     0.38968531E-18    -0.40921330E-05    -0.38968531E-18
     -0.44492564E-02     0.44599929E-18    -0.40822310E-05    -0.44599929E-18
     -0.44113041E-02     0.44610910E-18    -0.40723980E-05    -0.44610910E-18
     -0.43737795E-02     0.40522239E-18    -0.40626335E-05    -0.40522239E-18
     -0.43366773E-02     0.40716458E-18    -0.40529365E-05    -0.40716458E-18
     -0.42999920E-02     0.40565220E-18    -0.40433064E-05    -0.40565220E-18
     -0.42637182E-02     0.37150017E-18    -0.40337423E-05    -0.37150017E-18
     -0.42278506E-02     0.41498303E-18    -0.40242436E-05    -0.41498303E-18
     -0.41923839E-02     0.40241852E-18    -0.40148094E-05    -0.40241852E-18
     -0.41573130E-02     0.38215511E-18    -0.40054392E-05    -0.38215511E-18
     -0.41226327E-02     0.41842342E-18    -0.39961321E-05    -0.41842342E-18
     -0.40883380E-02     0.37416613E-18    -0.39868875E-05    -0.37416613E-18
     -0.40544237E-02     0.37527099E-18    -0.39777048E-05    -0.37527099E-18
     -0.40208850E-02     0.39906189E-18    -0.39685831E-05    -0.39906189E-18
     -0.39877170E-02     0.41137247E-18    -0.39595219E-05    -0.41137247E-18
     -0.39549148E-02     0.42354410E-18    -0.39505205E-05    -0.42354410E-18
     -0.39224737E-02     0.38759573E-18    -0.39415783E-05    -0.38759573E-18
     -0.38903891E-02     0.39802255E-18    -0.39326946E-05    -0.39802255E-18
     -0.38586562E-02     0.38783791E-18    -0.39238688E-05    -0.38783791E-18
     -0.38272704E-02     0.41085529E-18    -0.39151003E-05    -0.41085529E-18
     -0.37962274E-02     0.39768996E-18    -0.39063885E-05    -0.39768996E-18
     -0.37655225E-02     0.36421460E-18    -0.38977327E-05    -0.36421460E-18
     -0.37351515E-02     0.43692045E-18    -0.38891324E-05    -0.43692045E-18
     -0.37051100E-02     0.39245106E-18    -0.38805871E-05    -0.39245106E-18
     -0.36753937E-02     0.41864460E-18    -0.38720960E-05    -0.41864460E-18
     -0.36459984E-02     0.34035846E-18    -0.38636588E-05    -0.34035846E-18
     -0.36169199E-02     0.38629965E-18    -0.38552747E-05    -0.38629965E-18
     -0.35881541E-02     0.36237550E-18    -0.38469433E-05    -0.36237550E-18
     -0.35596970E-02     0.38628553E-18    -0.38386641E-05    -0.38628553E-18
     -0.35315446E-02     0.37207329E-18    -0.38304364E-05    -0.37207329E-18
     -0.35036929E-02     0.43376130E-18    -0.38222598E-05    -0.43376130E-18
     -0.34761381E-02     0.38699770E-18    -0.38141337E-05    -0.38699770E-18
     -0.34488762E-02     0.37660476E-18    -0.38060576E-05    -0.37660476E-18
     -0.34219036E-02     0.39290766E-18    -0.37980311E-05    -0.39290766E-18
     -0.33952165E-02     0.39575557E-18    -0.37900536E-05    -0.39575557E-18
     -0.33688112E-02     0.41160883E-18    -0.37821247E-05    -0.41160883E-18
     -0.33426841E-02     0.34766814E-18    -0.37742438E-05    -0.34766814E-18
     -0.33168316E-02     0.38957650E-18    -0.37664105E-05    -0.38957650E-18
     -0.32912502E-02     0.38607387E-18    -0.37586243E-05    -0.38607387E-18
     -0.32659364E-02     0.38002694E-18    -0.37508847E-05    -0.38002694E-18
     -0.32408867E-02     0.41666912E-18    -0.37431914E-05    -0.41666912E-18
     -0.32160979E-02     0.35066846E-18    -0.37355437E-05    -0.35066846E-18
     -0.31915666E-02     0.38568867E-18    -0.37279414E-05    -0.38568867E-18
     -0.31672894E-02     0.43278822E-18    -0.37203839E-05    -0.43278822E-18
     -0.31432632E-02     0.40123667E-18    -0.37128708E-05    -0.40123667E-18
     -0.31194848E-02     0.39235038E-18    -0.37054017E-05    -0.39235038E-18
     -0.30959509E-02     0.37154407E-18    -0.36979762E-05    -0.37154407E-18
     -0.30726586E-02     0.38571992E-18    -0.36905939E-05    -0.38571992E-18
     -0.30496047E-02     0.36821626E-18    -0.36832543E-05    -0.36821626E-18
     -0.30267864E-02     0.39918286E-18    -0.36759570E-05    -0.39918286E-18
     -0.30042005E-02     0.31790478E-18    -0.36687016E-05    -0.31790478E-18
     -0.29818442E-02     0.37263894E-18    -0.36614878E-05    -0.37263894E-18
     -0.29597147E-02     0.34801175E-18    -0.36543151E-05    -0.34801175E-18
     -0.29378090E-02     0.35406407E-18    -0.36471833E-05    -0.35406407E-18
     -0.29161245E-02     0.36932779E-18    -0.36400917E-05    -0.36932779E-18
     -0.28946584E-02     0.36443906E-18    -0.36330402E-05    -0.36443906E-18
     -0.28734078E-02     0.34200767E-18    -0.36260284E-05    -0.34200767E-18
     -0.28523702E-02     0.43662622E-18    -0.36190558E-05    -0.43662622E-18
     -0.28315429E-02     0.34479771E-18    -0.36121221E-05    -0.34479771E-18
     -0.28109232E-02     0.36213817E-18    -0.36052270E-05    -0.36213817E-18
     -0.27905087E-02     0.36356491E-18    -0.35983701E-05    -0.36356491E-18
     -0.27702965E-02     0.35668054E-18    -0.35915510E-05    -0.35668054E-18
     -0.27502845E-02     0.32264965E-18    -0.35847695E-05    -0.32264965E-18
     -0.27304702E-02     0.37150779E-18    -0.35780251E-05    -0.37150779E-18
     -0.27108513E-02     0.37002053E-18    -0.35713176E-05    -0.37002053E-18
     -0.26914251E-02     0.33651159E-18    -0.35646466E-05    -0.33651159E-18
     -0.26721894E-02     0.36259854E-18    -0.35580118E-05    -0.36259854E-18
     -0.26531417E-02     0.36657235E-18    -0.35514128E-05    -0.36657235E-18
     -0.26342798E-02     0.32769216E-18    -0.35448494E-05    -0.32769216E-18
     -0.26156014E-02     0.35330103E-18    -0.35383212E-05    -0.35330103E-18
     -0.25971045E-02     0.38282736E-18    -0.35318280E-05    -0.38282736E-18
     -0.25787865E-02     0.38280323E-18    -0.35253693E-05    -0.38280323E-18
     -0.25606452E-02     0.34722356E-18    -0.35189450E-05    -0.34722356E-18
     -0.25426786E-02     0.33011623E-18    -0.35125546E-05    -0.33011623E-18
     -0.25248846E-02     0.32290643E-18    -0.35061980E-05    -0.32290643E-18
     -0.25072611E-02     0.32177759E-18    -0.34998748E-05    -0.32177759E-18
     -0.24898062E-02     0.37925849E-18    -0.34935848E-05    -0.37925849E-18
     -0.24725178E-02     0.33611821E-18    -0.34873276E-05    -0.33611821E-18
     -0.24553946E-02     0.37848192E-18    -0.34811030E-05    -0.37848192E-18
     -0.24384358E-02     0.38716470E-18    -0.34749106E-05    -0.38716470E-18
     -0.24216354E-02     0.35754312E-18    -0.34687503E-05    -0.35754312E-18
     -0.24049937E-02     0.32337456E-18    -0.34626217E-05    -0.32337456E-18
     -0.23885089E-02     0.36273743E-18    -0.34565246E-05    -0.36273743E-18
     -0.23721792E-02     0.34008495E-18    -0.34504586E-05    -0.34008495E-18
     -0.23560028E-02     0.32285132E-18    -0.34444237E-05    -0.32285132E-18
     -0.23399779E-02     0.32294826E-18    -0.34384194E-05    -0.32294826E-18
     -0.23241026E-02     0.30734234E-18    -0.34324455E-05    -0.30734234E-18
     -0.23083742E-02     0.31757785E-18    -0.34265019E-05    -0.31757785E-18
     -0.22927933E-02     0.32139631E-18    -0.34205881E-05    -0.32139631E-18
     -0.22773571E-02     0.36053497E-18    -0.34147040E-05    -0.36053497E-18
     -0.22620638E-02     0.34420184E-18    -0.34088494E-05    -0.34420184E-18
     -0.22469118E-02     0.33221619E-18    -0.34030240E-05    -0.33221619E-18
     -0.22318993E-02     0.35131812E-18    -0.33972275E-05    -0.35131812E-18
     -0.22170249E-02     0.31787433E-18    -0.33914597E-05    -0.31787433E-18
     -0.22022868E-02     0.33655216E-18    -0.33857204E-05    -0.33655216E-18
     -0.21876836E-02     0.33489522E-18    -0.33800093E-05    -0.33489522E-18
     -0.21732136E-02     0.34980584E-18    -0.33743263E-05    -0.34980584E-18
     -0.21588754E-02     0.31045165E-18    -0.33686710E-05    -0.31045165E-18
     -0.21446673E-02     0.35182312E-18    -0.33630434E-05    -0.35182312E-18
     -0.21305880E-02     0.35137861E-18    -0.33574431E-05    -0.35137861E-18
     -0.21166360E-02     0.34122283E-18    -0.33518699E-05    -0.34122283E-18
     -0.21028097E-02     0.35396705E-18    -0.33463236E-05    -0.35396705E-18
     -0.20891079E-02     0.34700961E-18    -0.33408040E-05    -0.34700961E-18
     -0.20755289E-02     0.35184777E-18    -0.33353110E-05    -0.35184777E-18
     -0.20620716E-02     0.30569077E-18    -0.33298442E-05    -0.30569077E-18
     -0.20487345E-02     0.33705149E-18    -0.33244034E-05    -0.33705149E-18
     -0.20355162E-02     0.36296589E-18    -0.33189886E-05    -0.36296589E-18
     -0.20224154E-02     0.34456836E-18    -0.33135994E-05    -0.34456836E-18
     -0.20094309E-02     0.32684419E-18    -0.33082357E-05    -0.32684419E-18
     -0.19965612E-02     0.31355254E-18    -0.33028972E-05    -0.31355254E-18
     -0.19838052E-02     0.31814008E-18    -0.32975838E-05    -0.31814008E-18
     -0.19711615E-02     0.35067783E-18    -0.32922953E-05    -0.35067783E-18
     -0.19586289E-02     0.32305823E-18    -0.32870315E-05    -0.32305823E-18
     -0.19462062E-02     0.30023293E-18    -0.32817922E-05    -0.30023293E-18
     -0.19338922E-02     0.33713539E-18    -0.32765772E-05    -0.33713539E-18
     -0.19216856E-02     0.31760025E-18    -0.32713863E-05    -0.31760025E-18
     -0.19095853E-02     0.30996942E-18    -0.32662193E-05    -0.30996942E-18
     -0.18975902E-02     0.31251427E-18    -0.32610762E-05    -0.31251427E-18
     -0.18856990E-02     0.29850097E-18    -0.32559565E-05    -0.29850097E-18
     -0.18739106E-02     0.31936659E-18    -0.32508603E-05    -0.31936659E-18
     -0.18622239E-02     0.34491085E-18    -0.32457874E-05    -0.34491085E-18
     -0.18506379E-02     0.33428985E-18    -0.32407374E-05    -0.33428985E-18
     -0.18391513E-02     0.33009973E-18    -0.32357104E-05    -0.33009973E-18
     -0.18277632E-02     0.32733751E-18    -0.32307060E-05    -0.32733751E-18
     -0.18164725E-02     0.29947995E-18    -0.32257242E-05    -0.29947995E-18
     -0.18052781E-02     0.30527005E-18    -0.32207648E-05    -0.30527005E-18
     -0.17941789E-02     0.32978362E-18    -0.32158275E-05    -0.32978362E-18
     -0.17831740E-02     0.31590598E-18    -0.32109123E-05    -0.31590598E-18
     -0.17722624E-02     0.28384232E-18    -0.32060190E-05    -0.28384232E-18
     -0.17614430E-02     0.29902475E-18    -0.32011474E-05    -0.29902475E-18
     -0.17507149E-02     0.32949333E-18    -0.31962974E-05    -0.32949333E-18
     -0.17400771E-02     0.30664176E-18    -0.31914687E-05    -0.30664176E-18
     -0.17295286E-02     0.30857314E-18    -0.31866614E-05    -0.30857314E-18
     -0.17190685E-02     0.31541817E-18    -0.31818751E-05    -0.31541817E-18
     -0.17086959E-02     0.30374694E-18    -0.31771097E-05    -0.30374694E-18
     -0.16984098E-02     0.29826482E-18    -0.31723651E-05    -0.29826482E-18
     -0.16882093E-02     0.30982922E-18    -0.31676412E-05    -0.30982922E-18
     -0.16780935E-02     0.31777992E-18    -0.31629378E-05    -0.31777992E-18
     -0.16680615E-02     0.29374623E-18    -0.31582547E-05    -0.29374623E-18
     -0.16581125E-02     0.28158137E-18    -0.31535918E-05    -0.28158137E-18
     -0.16482456E-02     0.29572521E-18    -0.31489490E-05    -0.29572521E-18
     -0.16384599E-02     0.29647587E-18    -0.31443261E-05    -0.29647587E-18
     -0.16287546E-02     0.29270947E-18    -0.31397229E-05    -0.29270947E-18
     -0.16191289E-02     0.31870513E-18    -0.31351394E-05    -0.31870513E-18
     -0.16095818E-02     0.29739011E-18    -0.31305754E-05    -0.29739011E-18
     -0.16001127E-02     0.32995516E-18    -0.31260308E-05    -0.32995516E-18
     -0.15907207E-02     0.28645801E-18    -0.31215054E-05    -0.28645801E-18
     -0.15814050E-02     0.34963736E-18    -0.31169990E-05    -0.34963736E-18
     -0.15721648E-02     0.27866634E-18    -0.31125117E-05    -0.27866634E-18
     -0.15629993E-02     0.32502868E-18    -0.31080431E-05    -0.32502868E-18
     -0.15539079E-02     0.30168823E-18    -0.31035933E-05    -0.30168823E-18
     -0.15448896E-02     0.30156002E-18    -0.30991620E-05    -0.30156002E-18
     -0.15359439E-02     0.31774684E-18    -0.30947491E-05    -0.31774684E-18
     -0.15270699E-02     0.29668436E-18    -0.30903546E-05    -0.29668436E-18
     -0.15182669E-02     0.28080593E-18    -0.30859782E-05    -0.28080593E-18
     -0.15095341E-02     0.30197779E-18    -0.30816200E-05    -0.30197779E-18
     -0.15008710E-02     0.30711838E-18    -0.30772796E-05    -0.30711838E-18
     -0.14922767E-02     0.28424002E-18    -0.30729571E-05    -0.28424002E-18
     -0.14837506E-02     0.27940184E-18    -0.30686523E-05    -0.27940184E-18
     -0.14752920E-02     0.27662756E-18    -0.30643650E-05    -0.27662756E-18
     -0.14669003E-02     0.26567647E-18    -0.30600952E-05    -0.26567647E-18
     -0.14585747E-02     0.28734795E-18    -0.30558428E-05    -0.28734795E-18
     -0.14503146E-02     0.29200804E-18    -0.30516076E-05    -0.29200804E-18
     -0.14421193E-02     0.28252794E-18    -0.30473895E-05    -0.28252794E-18
     -0.14339883E-02     0.33262199E-18    -0.30431883E-05    -0.33262199E-18
     -0.14259209E-02     0.27925711E-18    -0.30390041E-05    -0.27925711E-18
     -0.14179164E-02     0.27752167E-18    -0.30348367E-05    -0.27752167E-18
     -0.14099742E-02     0.30005384E-18    -0.30306859E-05    -0.30005384E-18
     -0.14020937E-02     0.27734318E-18    -0.30265516E-05    -0.27734318E-18
     -0.13942744E-02     0.29152937E-18    -0.30224338E-05    -0.29152937E-18
     -0.13865155E-02     0.28262754E-18    -0.30183324E-05    -0.28262754E-18
     -0.13788166E-02     0.31278018E-18    -0.30142471E-05    -0.31278018E-18
     -0.13711770E-02     0.28581497E-18    -0.30101780E-05    -0.28581497E-18
     -0.13635962E-02     0.29207069E-18    -0.30061249E-05    -0.29207069E-18
     -0.13560735E-02     0.29541296E-18    -0.30020877E-05    -0.29541296E-18
     -0.13486085E-02     0.30278817E-18    -0.29980663E-05    -0.30278817E-18
     -0.13412005E-02     0.30313510E-18    -0.29940607E-05    -0.30313510E-18
     -0.13338491E-02     0.30179454E-18    -0.29900706E-05    -0.30179454E-18
     -0.13265536E-02     0.26259036E-18    -0.29860961E-05    -0.26259036E-18
     -0.13193135E-02     0.28572069E-18    -0.29821369E-05    -0.28572069E-18
     -0.13121284E-02     0.26887879E-18    -0.29781931E-05    -0.26887879E-18
     -0.13049976E-02     0.30516802E-18    -0.29742644E-05    -0.30516802E-18
     -0.12979207E-02     0.29001512E-18    -0.29703509E-05    -0.29001512E-18
     -0.12908971E-02     0.30441439E-18    -0.29664524E-05    -0.30441439E-18
     -0.12839264E-02     0.25724803E-18    -0.29625688E-05    -0.25724803E-18
     -0.12770080E-02     0.27426192E-18    -0.29587001E-05    -0.27426192E-18
     -0.12701414E-02     0.25472768E-18    -0.29548460E-05    -0.25472768E-18
     -0.12633262E-02     0.28994087E-18    -0.29510067E-05    -0.28994087E-18
     -0.12565619E-02     0.29136128E-18    -0.29471818E-05    -0.29136128E-18
     -0.12498479E-02     0.27779282E-18    -0.29433715E-05    -0.27779282E-18
     -0.12431839E-02     0.28302594E-18    -0.29395755E-05    -0.28302594E-18
     -0.12365694E-02     0.28216176E-18    -0.29357937E-05    -0.28216176E-18
     -0.12300038E-02     0.27136086E-18    -0.29320262E-05    -0.27136086E-18
     -0.12234868E-02     0.27549873E-18    -0.29282728E-05    -0.27549873E-18
     -0.12170179E-02     0.24811391E-18    -0.29245334E-05    -0.24811391E-18
     -0.12105967E-02     0.26925492E-18    -0.29208079E-05    -0.26925492E-18
     -0.12042226E-02     0.27315196E-18    -0.29170962E-05    -0.27315196E-18
     -0.11978954E-02     0.29997330E-18    -0.29133984E-05    -0.29997330E-18
     -0.11916145E-02     0.26451935E-18    -0.29097141E-05    -0.26451935E-18
     -0.11853795E-02     0.29778476E-18    -0.29060435E-05    -0.29778476E-18
     -0.11791900E-02     0.27654876E-18    -0.29023864E-05    -0.27654876E-18
     -0.11730456E-02     0.27216843E-18    -0.28987427E-05    -0.27216843E-18
     -0.11669460E-02     0.27135203E-18    -0.28951124E-05    -0.27135203E-18
     -0.11608906E-02     0.28311012E-18    -0.28914953E-05    -0.28311012E-18
     -0.11548790E-02     0.28972597E-18    -0.28878914E-05    -0.28972597E-18
     -0.11489110E-02     0.27388107E-18    -0.28843006E-05    -0.27388107E-18
     -0.11429861E-02     0.29358594E-18    -0.28807229E-05    -0.29358594E-18
     -0.11371039E-02     0.26171443E-18    -0.28771580E-05    -0.26171443E-18
     -0.11312640E-02     0.28138389E-18    -0.28736061E-05    -0.28138389E-18
     -0.11254661E-02     0.27935527E-18    -0.28700669E-05    -0.27935527E-18
     -0.11197097E-02     0.27651320E-18    -0.28665405E-05    -0.27651320E-18
     -0.11139946E-02     0.26913924E-18    -0.28630267E-05    -0.26913924E-18
     -0.11083203E-02     0.26436948E-18    -0.28595255E-05    -0.26436948E-18
     -0.11026865E-02     0.25288773E-18    -0.28560367E-05    -0.25288773E-18
     -0.10970928E-02     0.26697447E-18    -0.28525604E-05    -0.26697447E-18
     -0.10915389E-02     0.26514523E-18    -0.28490964E-05    -0.26514523E-18
     -0.10860245E-02     0.28364011E-18    -0.28456447E-05    -0.28364011E-18
     -0.10805491E-02     0.28710363E-18    -0.28422052E-05    -0.28710363E-18
     -0.10751125E-02     0.27337603E-18    -0.28387779E-05    -0.27337603E-18
     -0.10697143E-02     0.25977339E-18    -0.28353626E-05    -0.25977339E-18
     -0.10643541E-02     0.29341581E-18    -0.28319592E-05    -0.29341581E-18
     -0.10590317E-02     0.28210137E-18    -0.28285678E-05    -0.28210137E-18
     -0.10537468E-02     0.24311660E-18    -0.28251883E-05    -0.24311660E-18
     -0.10484989E-02     0.25922458E-18    -0.28218205E-05    -0.25922458E-18
     -0.10432878E-02     0.26045969E-18    -0.28184645E-05    -0.26045969E-18
     -0.10381131E-02     0.26548754E-18    -0.28151201E-05    -0.26548754E-18
     -0.10329746E-02     0.27486404E-18    -0.28117872E-05    -0.27486404E-18
     -0.10278720E-02     0.26589486E-18    -0.28084659E-05    -0.26589486E-18
     -0.10228049E-02     0.28254685E-18    -0.28051561E-05    -0.28254685E-18
     -0.10177730E-02     0.29432678E-18    -0.28018576E-05    -0.29432678E-18
     -0.10127761E-02     0.27870124E-18    -0.27985704E-05    -0.27870124E-18
     -0.10078138E-02     0.23739258E-18    -0.27952945E-05    -0.23739258E-18
     -0.10028858E-02     0.27177280E-18    -0.27920298E-05    -0.27177280E-18
     -0.99799189E-03     0.28334527E-18    -0.27887762E-05    -0.28334527E-18
     -0.99313176E-03     0.27278384E-18    -0.27855337E-05    -0.27278384E-18
     -0.98830512E-03     0.28467598E-18    -0.27823021E-05    -0.28467598E-18
     -0.98351168E-03     0.24844288E-18    -0.27790816E-05    -0.24844288E-18
     -0.97875118E-03     0.28006040E-18    -0.27758718E-05    -0.28006040E-18
     -0.97402333E-03     0.28392583E-18    -0.27726730E-05    -0.28392583E-18
     -0.96932787E-03     0.27788357E-18    -0.27694848E-05    -0.27788357E-18
     -0.96466452E-03     0.26046329E-18    -0.27663074E-05    -0.26046329E-18
     -0.96003303E-03     0.29317251E-18    -0.27631406E-05    -0.29317251E-18
     -0.95543312E-03     0.26660367E-18    -0.27599844E-05    -0.26660367E-18
     -0.95086454E-03     0.24366917E-18    -0.27568387E-05    -0.24366917E-18
     -0.94632703E-03     0.27604067E-18    -0.27537035E-05    -0.27604067E-18
     -0.94182034E-03     0.23983572E-18    -0.27505787E-05    -0.23983572E-18
     -0.93734421E-03     0.25586502E-18    -0.27474642E-05    -0.25586502E-18
     -0.93289840E-03     0.26435607E-18    -0.27443600E-05    -0.26435607E-18
     -0.92848266E-03     0.28600587E-18    -0.27412661E-05    -0.28600587E-18
     -0.92409674E-03     0.27684488E-18    -0.27381823E-05    -0.27684488E-18
     -0.91974040E-03     0.26385601E-18    -0.27351087E-05    -0.26385601E-18
     -0.91541341E-03     0.23947910E-18    -0.27320451E-05    -0.23947910E-18
     -0.91111552E-03     0.25830612E-18    -0.27289916E-05    -0.25830612E-18
     -0.90684651E-03     0.29541627E-18    -0.27259480E-05    -0.29541627E-18
     -0.90260614E-03     0.25304109E-18    -0.27229143E-05    -0.25304109E-18
     -0.89839418E-03     0.25664984E-18    -0.27198905E-05    -0.25664984E-18
     -0.89421041E-03     0.26007510E-18    -0.27168765E-05    -0.26007510E-18
     -0.89005460E-03     0.24429304E-18    -0.27138722E-05    -0.24429304E-18
     -0.88592655E-03     0.25966284E-18    -0.27108776E-05    -0.25966284E-18
     -0.88182604E-03     0.26898146E-18    -0.27078927E-05    -0.26898146E-18
     -0.87775286E-03     0.25843701E-18    -0.27049173E-05    -0.25843701E-18
     -0.87370681E-03     0.25895800E-18    -0.27019515E-05    -0.25895800E-18
     -0.86968766E-03     0.25070562E-18    -0.26989952E-05    -0.25070562E-18
     -0.86569519E-03     0.25146505E-18    -0.26960484E-05    -0.25146505E-18
     -0.86172920E-03     0.24528542E-18    -0.26931109E-05    -0.24528542E-18
     -0.85778947E-03     0.25472470E-18    -0.26901827E-05    -0.25472470E-18
     -0.85387578E-03     0.27645657E-18    -0.26872639E-05    -0.27645657E-18
     -0.84998792E-03     0.23144596E-18    -0.26843543E-05    -0.23144596E-18
     -0.84612568E-03     0.25376600E-18    -0.26814539E-05    -0.25376600E-18
     -0.84228887E-03     0.24555826E-18    -0.26785627E-05    -0.24555826E-18
     -0.83847727E-03     0.23260389E-18    -0.26756805E-05    -0.23260389E-18
     -0.83469068E-03     0.24176060E-18    -0.26728074E-05    -0.24176060E-18
     -0.83092891E-03     0.26523848E-18    -0.26699433E-05    -0.26523848E-18
     -0.82719177E-03     0.25499583E-18    -0.26670882E-05    -0.25499583E-18
     -0.82347907E-03     0.25393537E-18    -0.26642420E-05    -0.25393537E-18
     -0.81979061E-03     0.25969553E-18    -0.26614046E-05    -0.25969553E-18
     -0.81612621E-03     0.24017590E-18    -0.26585761E-05    -0.24017590E-18
     -0.81248569E-03     0.28020183E-18    -0.26557563E-05    -0.28020183E-18
     -0.80886888E-03     0.25669995E-18    -0.26529453E-05    -0.25669995E-18
     -0.80527558E-03     0.28314366E-18    -0.26501429E-05    -0.28314366E-18
     -0.80170563E-03     0.23828781E-18    -0.26473492E-05    -0.23828781E-18
     -0.79815886E-03     0.24062928E-18    -0.26445641E-05    -0.24062928E-18
     -0.79463509E-03     0.25133917E-18    -0.26417876E-05    -0.25133917E-18
     -0.79113416E-03     0.27906698E-18    -0.26390195E-05    -0.27906698E-18
     -0.78765590E-03     0.25078577E-18    -0.26362600E-05    -0.25078577E-18
     -0.78420015E-03     0.26648709E-18    -0.26335088E-05    -0.26648709E-18
     -0.78076674E-03     0.25770786E-18    -0.26307661E-05    -0.25770786E-18
     -0.77735552E-03     0.24960585E-18    -0.26280316E-05    -0.24960585E-18
     -0.77396632E-03     0.25792554E-18    -0.26253055E-05    -0.25792554E-18
     -0.77059899E-03     0.22853899E-18    -0.26225876E-05    -0.22853899E-18
     -0.76725338E-03     0.22102249E-18    -0.26198779E-05    -0.22102249E-18
     -0.76392933E-03     0.22555385E-18    -0.26171765E-05    -0.22555385E-18
     -0.76062669E-03     0.22358238E-18    -0.26144831E-05    -0.22358238E-18
     -0.75734531E-03     0.22910863E-18    -0.26117978E-05    -0.22910863E-18
     -0.75408504E-03     0.25037056E-18    -0.26091206E-05    -0.25037056E-18
     -0.75084574E-03     0.22208452E-18    -0.26064514E-05    -0.22208452E-18
     -0.74762725E-03     0.22485844E-18    -0.26037902E-05    -0.22485844E-18
     -0.74442944E-03     0.26488651E-18    -0.26011369E-05    -0.26488651E-18
     -0.74125215E-03     0.24749548E-18    -0.25984915E-05    -0.24749548E-18
     -0.73809526E-03     0.24385115E-18    -0.25958539E-05    -0.24385115E-18
     -0.73495862E-03     0.24031717E-18    -0.25932242E-05    -0.24031717E-18
     -0.73184209E-03     0.25119847E-18    -0.25906022E-05    -0.25119847E-18
     -0.72874553E-03     0.21719858E-18    -0.25879880E-05    -0.21719858E-18
     -0.72566882E-03     0.20826066E-18    -0.25853815E-05    -0.20826066E-18
     -0.72261181E-03     0.23181300E-18    -0.25827826E-05    -0.23181300E-18
     -0.71957437E-03     0.24784186E-18    -0.25801914E-05    -0.24784186E-18
     -0.71655637E-03     0.25123075E-18    -0.25776078E-05    -0.25123075E-18
     -0.71355769E-03     0.21989285E-18    -0.25750317E-05    -0.21989285E-18
     -0.71057818E-03     0.22050441E-18    -0.25724631E-05    -0.22050441E-18
     -0.70761773E-03     0.22637366E-18    -0.25699020E-05    -0.22637366E-18
     -0.70467621E-03     0.23299693E-18    -0.25673484E-05    -0.23299693E-18
     -0.70175348E-03     0.25226485E-18    -0.25648022E-05    -0.25226485E-18
     -0.69884944E-03     0.22171340E-18    -0.25622633E-05    -0.22171340E-18
     -0.69596395E-03     0.22241074E-18    -0.25597318E-05    -0.22241074E-18
     -0.69309690E-03     0.22915787E-18    -0.25572076E-05    -0.22915787E-18
     -0.69024816E-03     0.22508118E-18    -0.25546906E-05    -0.22508118E-18
     -0.68741761E-03     0.21787047E-18    -0.25521809E-05    -0.21787047E-18
     -0.68460515E-03     0.22500173E-18    -0.25496784E-05    -0.22500173E-18
     -0.68181066E-03     0.23364274E-18    -0.25471830E-05    -0.23364274E-18
     -0.67903402E-03     0.21471055E-18    -0.25446948E-05    -0.21471055E-18
     -0.67627511E-03     0.21760188E-18    -0.25422136E-05    -0.21760188E-18
     -0.67353384E-03     0.19632047E-18    -0.25397396E-05    -0.19632047E-18
     -0.67081008E-03     0.24144414E-18    -0.25372725E-05    -0.24144414E-18
     -0.66810373E-03     0.20575480E-18    -0.25348125E-05    -0.20575480E-18
     -0.66541468E-03     0.22080454E-18    -0.25323594E-05    -0.22080454E-18
     -0.66274283E-03     0.23117500E-18    -0.25299132E-05    -0.23117500E-18
     -0.66008806E-03     0.18808330E-18    -0.25274740E-05    -0.18808330E-18
